[1.382s] Invoking command in '/home/aaron/project/CSCE452_Project3/project3_ws/src/project3_pkg': PYTHONPATH=/home/aaron/project/CSCE452_Project3/project3_ws/build/project3_pkg/prefix_override:/home/aaron/project/CSCE452_Project3/project3_ws/install/project3_pkg/lib/python3.10/site-packages: /usr/bin/python3 setup.py egg_info --egg-base ../../build/project3_pkg build --build-base /home/aaron/project/CSCE452_Project3/project3_ws/build/project3_pkg/build install --record /home/aaron/project/CSCE452_Project3/project3_ws/build/project3_pkg/install.log --single-version-externally-managed
[1.890s] running egg_info
[1.893s] writing ../../build/project3_pkg/project3_pkg.egg-info/PKG-INFO
[1.894s] writing dependency_links to ../../build/project3_pkg/project3_pkg.egg-info/dependency_links.txt
[1.894s] writing entry points to ../../build/project3_pkg/project3_pkg.egg-info/entry_points.txt
[1.894s] writing requirements to ../../build/project3_pkg/project3_pkg.egg-info/requires.txt
[1.895s] writing top-level names to ../../build/project3_pkg/project3_pkg.egg-info/top_level.txt
[1.901s] reading manifest file '../../build/project3_pkg/project3_pkg.egg-info/SOURCES.txt'
[1.903s] writing manifest file '../../build/project3_pkg/project3_pkg.egg-info/SOURCES.txt'
[1.903s] running build
[1.903s] running build_py
[1.903s] copying project3_pkg/laser_to_point_cloud_filtered.py -> /home/aaron/project/CSCE452_Project3/project3_ws/build/project3_pkg/build/lib/project3_pkg
[1.905s] copying project3_pkg/laser_scan_to_pointcloud.py -> /home/aaron/project/CSCE452_Project3/project3_ws/build/project3_pkg/build/lib/project3_pkg
[1.905s] copying project3_pkg/peoplecounter.py -> /home/aaron/project/CSCE452_Project3/project3_ws/build/project3_pkg/build/lib/project3_pkg
[1.905s] copying project3_pkg/filter_laser.py -> /home/aaron/project/CSCE452_Project3/project3_ws/build/project3_pkg/build/lib/project3_pkg
[1.905s] running install
[1.910s] /usr/lib/python3/dist-packages/setuptools/command/install.py:34: SetuptoolsDeprecationWarning: setup.py install is deprecated. Use build and pip and other standards-based tools.
[1.910s]   warnings.warn(
[1.912s] running install_lib
[1.913s] creating /home/aaron/project/CSCE452_Project3/project3_ws/install/project3_pkg/lib/python3.10/site-packages/project3_pkg
[1.913s] copying /home/aaron/project/CSCE452_Project3/project3_ws/build/project3_pkg/build/lib/project3_pkg/laser_to_point_cloud_filtered.py -> /home/aaron/project/CSCE452_Project3/project3_ws/install/project3_pkg/lib/python3.10/site-packages/project3_pkg
[1.913s] copying /home/aaron/project/CSCE452_Project3/project3_ws/build/project3_pkg/build/lib/project3_pkg/laser_scan_to_pointcloud.py -> /home/aaron/project/CSCE452_Project3/project3_ws/install/project3_pkg/lib/python3.10/site-packages/project3_pkg
[1.914s] copying /home/aaron/project/CSCE452_Project3/project3_ws/build/project3_pkg/build/lib/project3_pkg/peoplecounter.py -> /home/aaron/project/CSCE452_Project3/project3_ws/install/project3_pkg/lib/python3.10/site-packages/project3_pkg
[1.914s] copying /home/aaron/project/CSCE452_Project3/project3_ws/build/project3_pkg/build/lib/project3_pkg/filter_laser.py -> /home/aaron/project/CSCE452_Project3/project3_ws/install/project3_pkg/lib/python3.10/site-packages/project3_pkg
[1.914s] copying /home/aaron/project/CSCE452_Project3/project3_ws/build/project3_pkg/build/lib/project3_pkg/__init__.py -> /home/aaron/project/CSCE452_Project3/project3_ws/install/project3_pkg/lib/python3.10/site-packages/project3_pkg
[1.918s] byte-compiling /home/aaron/project/CSCE452_Project3/project3_ws/install/project3_pkg/lib/python3.10/site-packages/project3_pkg/laser_to_point_cloud_filtered.py to laser_to_point_cloud_filtered.cpython-310.pyc
[1.918s] byte-compiling /home/aaron/project/CSCE452_Project3/project3_ws/install/project3_pkg/lib/python3.10/site-packages/project3_pkg/laser_scan_to_pointcloud.py to laser_scan_to_pointcloud.cpython-310.pyc
[1.919s] byte-compiling /home/aaron/project/CSCE452_Project3/project3_ws/install/project3_pkg/lib/python3.10/site-packages/project3_pkg/peoplecounter.py to peoplecounter.cpython-310.pyc
[1.921s] byte-compiling /home/aaron/project/CSCE452_Project3/project3_ws/install/project3_pkg/lib/python3.10/site-packages/project3_pkg/filter_laser.py to filter_laser.cpython-310.pyc
[1.922s] byte-compiling /home/aaron/project/CSCE452_Project3/project3_ws/install/project3_pkg/lib/python3.10/site-packages/project3_pkg/__init__.py to __init__.cpython-310.pyc
[1.926s] running install_data
[1.929s] copying launch/launch.py -> /home/aaron/project/CSCE452_Project3/project3_ws/install/project3_pkg/share/project3_pkg
[1.930s] running install_egg_info
[1.931s] Copying ../../build/project3_pkg/project3_pkg.egg-info to /home/aaron/project/CSCE452_Project3/project3_ws/install/project3_pkg/lib/python3.10/site-packages/project3_pkg-0.0.0-py3.10.egg-info
[1.933s] running install_scripts
[1.985s] Installing laser_scan_to_pointcloud script to /home/aaron/project/CSCE452_Project3/project3_ws/install/project3_pkg/lib/project3_pkg
[1.988s] Installing peoplecounter script to /home/aaron/project/CSCE452_Project3/project3_ws/install/project3_pkg/lib/project3_pkg
[1.989s] writing list of installed files to '/home/aaron/project/CSCE452_Project3/project3_ws/build/project3_pkg/install.log'
[2.059s] Invoked command in '/home/aaron/project/CSCE452_Project3/project3_ws/src/project3_pkg' returned '0': PYTHONPATH=/home/aaron/project/CSCE452_Project3/project3_ws/build/project3_pkg/prefix_override:/home/aaron/project/CSCE452_Project3/project3_ws/install/project3_pkg/lib/python3.10/site-packages: /usr/bin/python3 setup.py egg_info --egg-base ../../build/project3_pkg build --build-base /home/aaron/project/CSCE452_Project3/project3_ws/build/project3_pkg/build install --record /home/aaron/project/CSCE452_Project3/project3_ws/build/project3_pkg/install.log --single-version-externally-managed
