[2.827s] DEBUG:colcon:Command line arguments: ['/usr/bin/colcon', 'build']
[2.827s] DEBUG:colcon:Parsed command line arguments: Namespace(allow_overriding=[], ament_cmake_args=None, base_paths=['.'], build_base='build', catkin_cmake_args=None, catkin_skip_building_tests=False, cmake_args=None, cmake_clean_cache=False, cmake_clean_first=False, cmake_force_configure=False, cmake_target=None, cmake_target_skip_unavailable=False, continue_on_error=False, event_handlers=None, executor='parallel', ignore_user_meta=False, install_base='install', log_base=None, log_level=None, main=<bound method BuildVerb.main of <colcon_core.verb.build.BuildVerb object at 0x7f4549b94880>>, merge_install=False, metas=['./colcon.meta'], packages_above=None, packages_above_and_dependencies=None, packages_above_depth=None, packages_end=None, packages_ignore=None, packages_ignore_regex=None, packages_select=None, packages_select_build_failed=False, packages_select_by_dep=None, packages_select_regex=None, packages_select_test_failures=False, packages_skip=None, packages_skip_build_finished=False, packages_skip_by_dep=None, packages_skip_regex=None, packages_skip_test_passed=False, packages_skip_up_to=None, packages_start=None, packages_up_to=None, packages_up_to_regex=None, parallel_workers=1, paths=None, symlink_install=False, test_result_base=None, verb_extension=<colcon_core.verb.build.BuildVerb object at 0x7f4549b94880>, verb_name='build', verb_parser=<colcon_defaults.argument_parser.defaults.DefaultArgumentsDecorator object at 0x7f4549b94df0>)
[3.059s] Level 1:colcon.colcon_core.package_discovery:discover_packages(colcon_meta) check parameters
[3.059s] Level 1:colcon.colcon_core.package_discovery:discover_packages(recursive) check parameters
[3.059s] Level 1:colcon.colcon_core.package_discovery:discover_packages(ignore) check parameters
[3.059s] Level 1:colcon.colcon_core.package_discovery:discover_packages(path) check parameters
[3.059s] Level 1:colcon.colcon_core.package_discovery:discover_packages(colcon_meta) discover
[3.059s] Level 1:colcon.colcon_core.package_discovery:discover_packages(recursive) discover
[3.059s] INFO:colcon.colcon_core.package_discovery:Crawling recursively for packages in '/home/chase/CSCE452_Project3/project3_ws'
[3.060s] Level 1:colcon.colcon_core.package_identification:_identify(.) by extensions ['ignore', 'ignore_ament_install']
[3.060s] Level 1:colcon.colcon_core.package_identification:_identify(.) by extension 'ignore'
[3.060s] Level 1:colcon.colcon_core.package_identification:_identify(.) by extension 'ignore_ament_install'
[3.060s] Level 1:colcon.colcon_core.package_identification:_identify(.) by extensions ['colcon_pkg']
[3.060s] Level 1:colcon.colcon_core.package_identification:_identify(.) by extension 'colcon_pkg'
[3.060s] Level 1:colcon.colcon_core.package_identification:_identify(.) by extensions ['colcon_meta']
[3.060s] Level 1:colcon.colcon_core.package_identification:_identify(.) by extension 'colcon_meta'
[3.060s] Level 1:colcon.colcon_core.package_identification:_identify(.) by extensions ['ros']
[3.060s] Level 1:colcon.colcon_core.package_identification:_identify(.) by extension 'ros'
[3.112s] Level 1:colcon.colcon_core.package_identification:_identify(.) by extensions ['cmake', 'python']
[3.112s] Level 1:colcon.colcon_core.package_identification:_identify(.) by extension 'cmake'
[3.112s] Level 1:colcon.colcon_core.package_identification:_identify(.) by extension 'python'
[3.112s] Level 1:colcon.colcon_core.package_identification:_identify(.) by extensions ['python_setup_py']
[3.112s] Level 1:colcon.colcon_core.package_identification:_identify(.) by extension 'python_setup_py'
[3.118s] Level 1:colcon.colcon_core.package_identification:_identify(bags) by extensions ['ignore', 'ignore_ament_install']
[3.118s] Level 1:colcon.colcon_core.package_identification:_identify(bags) by extension 'ignore'
[3.118s] Level 1:colcon.colcon_core.package_identification:_identify(bags) by extension 'ignore_ament_install'
[3.118s] Level 1:colcon.colcon_core.package_identification:_identify(bags) by extensions ['colcon_pkg']
[3.118s] Level 1:colcon.colcon_core.package_identification:_identify(bags) by extension 'colcon_pkg'
[3.119s] Level 1:colcon.colcon_core.package_identification:_identify(bags) by extensions ['colcon_meta']
[3.119s] Level 1:colcon.colcon_core.package_identification:_identify(bags) by extension 'colcon_meta'
[3.119s] Level 1:colcon.colcon_core.package_identification:_identify(bags) by extensions ['ros']
[3.119s] Level 1:colcon.colcon_core.package_identification:_identify(bags) by extension 'ros'
[3.119s] Level 1:colcon.colcon_core.package_identification:_identify(bags) by extensions ['cmake', 'python']
[3.119s] Level 1:colcon.colcon_core.package_identification:_identify(bags) by extension 'cmake'
[3.119s] Level 1:colcon.colcon_core.package_identification:_identify(bags) by extension 'python'
[3.119s] Level 1:colcon.colcon_core.package_identification:_identify(bags) by extensions ['python_setup_py']
[3.119s] Level 1:colcon.colcon_core.package_identification:_identify(bags) by extension 'python_setup_py'
[3.120s] Level 1:colcon.colcon_core.package_identification:_identify(bags/example1) by extensions ['ignore', 'ignore_ament_install']
[3.120s] Level 1:colcon.colcon_core.package_identification:_identify(bags/example1) by extension 'ignore'
[3.120s] Level 1:colcon.colcon_core.package_identification:_identify(bags/example1) by extension 'ignore_ament_install'
[3.120s] Level 1:colcon.colcon_core.package_identification:_identify(bags/example1) by extensions ['colcon_pkg']
[3.120s] Level 1:colcon.colcon_core.package_identification:_identify(bags/example1) by extension 'colcon_pkg'
[3.121s] Level 1:colcon.colcon_core.package_identification:_identify(bags/example1) by extensions ['colcon_meta']
[3.121s] Level 1:colcon.colcon_core.package_identification:_identify(bags/example1) by extension 'colcon_meta'
[3.121s] Level 1:colcon.colcon_core.package_identification:_identify(bags/example1) by extensions ['ros']
[3.121s] Level 1:colcon.colcon_core.package_identification:_identify(bags/example1) by extension 'ros'
[3.121s] Level 1:colcon.colcon_core.package_identification:_identify(bags/example1) by extensions ['cmake', 'python']
[3.121s] Level 1:colcon.colcon_core.package_identification:_identify(bags/example1) by extension 'cmake'
[3.121s] Level 1:colcon.colcon_core.package_identification:_identify(bags/example1) by extension 'python'
[3.121s] Level 1:colcon.colcon_core.package_identification:_identify(bags/example1) by extensions ['python_setup_py']
[3.121s] Level 1:colcon.colcon_core.package_identification:_identify(bags/example1) by extension 'python_setup_py'
[3.127s] Level 1:colcon.colcon_core.package_identification:_identify(bags/example2) by extensions ['ignore', 'ignore_ament_install']
[3.127s] Level 1:colcon.colcon_core.package_identification:_identify(bags/example2) by extension 'ignore'
[3.128s] Level 1:colcon.colcon_core.package_identification:_identify(bags/example2) by extension 'ignore_ament_install'
[3.128s] Level 1:colcon.colcon_core.package_identification:_identify(bags/example2) by extensions ['colcon_pkg']
[3.128s] Level 1:colcon.colcon_core.package_identification:_identify(bags/example2) by extension 'colcon_pkg'
[3.128s] Level 1:colcon.colcon_core.package_identification:_identify(bags/example2) by extensions ['colcon_meta']
[3.128s] Level 1:colcon.colcon_core.package_identification:_identify(bags/example2) by extension 'colcon_meta'
[3.128s] Level 1:colcon.colcon_core.package_identification:_identify(bags/example2) by extensions ['ros']
[3.128s] Level 1:colcon.colcon_core.package_identification:_identify(bags/example2) by extension 'ros'
[3.128s] Level 1:colcon.colcon_core.package_identification:_identify(bags/example2) by extensions ['cmake', 'python']
[3.128s] Level 1:colcon.colcon_core.package_identification:_identify(bags/example2) by extension 'cmake'
[3.129s] Level 1:colcon.colcon_core.package_identification:_identify(bags/example2) by extension 'python'
[3.129s] Level 1:colcon.colcon_core.package_identification:_identify(bags/example2) by extensions ['python_setup_py']
[3.129s] Level 1:colcon.colcon_core.package_identification:_identify(bags/example2) by extension 'python_setup_py'
[3.130s] Level 1:colcon.colcon_core.package_identification:_identify(bags/example3) by extensions ['ignore', 'ignore_ament_install']
[3.130s] Level 1:colcon.colcon_core.package_identification:_identify(bags/example3) by extension 'ignore'
[3.130s] Level 1:colcon.colcon_core.package_identification:_identify(bags/example3) by extension 'ignore_ament_install'
[3.130s] Level 1:colcon.colcon_core.package_identification:_identify(bags/example3) by extensions ['colcon_pkg']
[3.130s] Level 1:colcon.colcon_core.package_identification:_identify(bags/example3) by extension 'colcon_pkg'
[3.130s] Level 1:colcon.colcon_core.package_identification:_identify(bags/example3) by extensions ['colcon_meta']
[3.130s] Level 1:colcon.colcon_core.package_identification:_identify(bags/example3) by extension 'colcon_meta'
[3.130s] Level 1:colcon.colcon_core.package_identification:_identify(bags/example3) by extensions ['ros']
[3.130s] Level 1:colcon.colcon_core.package_identification:_identify(bags/example3) by extension 'ros'
[3.131s] Level 1:colcon.colcon_core.package_identification:_identify(bags/example3) by extensions ['cmake', 'python']
[3.131s] Level 1:colcon.colcon_core.package_identification:_identify(bags/example3) by extension 'cmake'
[3.131s] Level 1:colcon.colcon_core.package_identification:_identify(bags/example3) by extension 'python'
[3.131s] Level 1:colcon.colcon_core.package_identification:_identify(bags/example3) by extensions ['python_setup_py']
[3.131s] Level 1:colcon.colcon_core.package_identification:_identify(bags/example3) by extension 'python_setup_py'
[3.132s] Level 1:colcon.colcon_core.package_identification:_identify(bags/example4) by extensions ['ignore', 'ignore_ament_install']
[3.132s] Level 1:colcon.colcon_core.package_identification:_identify(bags/example4) by extension 'ignore'
[3.132s] Level 1:colcon.colcon_core.package_identification:_identify(bags/example4) by extension 'ignore_ament_install'
[3.132s] Level 1:colcon.colcon_core.package_identification:_identify(bags/example4) by extensions ['colcon_pkg']
[3.132s] Level 1:colcon.colcon_core.package_identification:_identify(bags/example4) by extension 'colcon_pkg'
[3.132s] Level 1:colcon.colcon_core.package_identification:_identify(bags/example4) by extensions ['colcon_meta']
[3.132s] Level 1:colcon.colcon_core.package_identification:_identify(bags/example4) by extension 'colcon_meta'
[3.133s] Level 1:colcon.colcon_core.package_identification:_identify(bags/example4) by extensions ['ros']
[3.133s] Level 1:colcon.colcon_core.package_identification:_identify(bags/example4) by extension 'ros'
[3.133s] Level 1:colcon.colcon_core.package_identification:_identify(bags/example4) by extensions ['cmake', 'python']
[3.133s] Level 1:colcon.colcon_core.package_identification:_identify(bags/example4) by extension 'cmake'
[3.133s] Level 1:colcon.colcon_core.package_identification:_identify(bags/example4) by extension 'python'
[3.133s] Level 1:colcon.colcon_core.package_identification:_identify(bags/example4) by extensions ['python_setup_py']
[3.133s] Level 1:colcon.colcon_core.package_identification:_identify(bags/example4) by extension 'python_setup_py'
[3.134s] Level 1:colcon.colcon_core.package_identification:_identify(bags/example5) by extensions ['ignore', 'ignore_ament_install']
[3.134s] Level 1:colcon.colcon_core.package_identification:_identify(bags/example5) by extension 'ignore'
[3.134s] Level 1:colcon.colcon_core.package_identification:_identify(bags/example5) by extension 'ignore_ament_install'
[3.134s] Level 1:colcon.colcon_core.package_identification:_identify(bags/example5) by extensions ['colcon_pkg']
[3.134s] Level 1:colcon.colcon_core.package_identification:_identify(bags/example5) by extension 'colcon_pkg'
[3.134s] Level 1:colcon.colcon_core.package_identification:_identify(bags/example5) by extensions ['colcon_meta']
[3.134s] Level 1:colcon.colcon_core.package_identification:_identify(bags/example5) by extension 'colcon_meta'
[3.134s] Level 1:colcon.colcon_core.package_identification:_identify(bags/example5) by extensions ['ros']
[3.134s] Level 1:colcon.colcon_core.package_identification:_identify(bags/example5) by extension 'ros'
[3.134s] Level 1:colcon.colcon_core.package_identification:_identify(bags/example5) by extensions ['cmake', 'python']
[3.135s] Level 1:colcon.colcon_core.package_identification:_identify(bags/example5) by extension 'cmake'
[3.135s] Level 1:colcon.colcon_core.package_identification:_identify(bags/example5) by extension 'python'
[3.135s] Level 1:colcon.colcon_core.package_identification:_identify(bags/example5) by extensions ['python_setup_py']
[3.135s] Level 1:colcon.colcon_core.package_identification:_identify(bags/example5) by extension 'python_setup_py'
[3.136s] Level 1:colcon.colcon_core.package_identification:_identify(bags/example6) by extensions ['ignore', 'ignore_ament_install']
[3.136s] Level 1:colcon.colcon_core.package_identification:_identify(bags/example6) by extension 'ignore'
[3.136s] Level 1:colcon.colcon_core.package_identification:_identify(bags/example6) by extension 'ignore_ament_install'
[3.136s] Level 1:colcon.colcon_core.package_identification:_identify(bags/example6) by extensions ['colcon_pkg']
[3.136s] Level 1:colcon.colcon_core.package_identification:_identify(bags/example6) by extension 'colcon_pkg'
[3.136s] Level 1:colcon.colcon_core.package_identification:_identify(bags/example6) by extensions ['colcon_meta']
[3.136s] Level 1:colcon.colcon_core.package_identification:_identify(bags/example6) by extension 'colcon_meta'
[3.136s] Level 1:colcon.colcon_core.package_identification:_identify(bags/example6) by extensions ['ros']
[3.136s] Level 1:colcon.colcon_core.package_identification:_identify(bags/example6) by extension 'ros'
[3.137s] Level 1:colcon.colcon_core.package_identification:_identify(bags/example6) by extensions ['cmake', 'python']
[3.137s] Level 1:colcon.colcon_core.package_identification:_identify(bags/example6) by extension 'cmake'
[3.137s] Level 1:colcon.colcon_core.package_identification:_identify(bags/example6) by extension 'python'
[3.137s] Level 1:colcon.colcon_core.package_identification:_identify(bags/example6) by extensions ['python_setup_py']
[3.137s] Level 1:colcon.colcon_core.package_identification:_identify(bags/example6) by extension 'python_setup_py'
[3.138s] Level 1:colcon.colcon_core.package_identification:_identify(bags/example7) by extensions ['ignore', 'ignore_ament_install']
[3.138s] Level 1:colcon.colcon_core.package_identification:_identify(bags/example7) by extension 'ignore'
[3.138s] Level 1:colcon.colcon_core.package_identification:_identify(bags/example7) by extension 'ignore_ament_install'
[3.138s] Level 1:colcon.colcon_core.package_identification:_identify(bags/example7) by extensions ['colcon_pkg']
[3.138s] Level 1:colcon.colcon_core.package_identification:_identify(bags/example7) by extension 'colcon_pkg'
[3.138s] Level 1:colcon.colcon_core.package_identification:_identify(bags/example7) by extensions ['colcon_meta']
[3.138s] Level 1:colcon.colcon_core.package_identification:_identify(bags/example7) by extension 'colcon_meta'
[3.138s] Level 1:colcon.colcon_core.package_identification:_identify(bags/example7) by extensions ['ros']
[3.138s] Level 1:colcon.colcon_core.package_identification:_identify(bags/example7) by extension 'ros'
[3.139s] Level 1:colcon.colcon_core.package_identification:_identify(bags/example7) by extensions ['cmake', 'python']
[3.139s] Level 1:colcon.colcon_core.package_identification:_identify(bags/example7) by extension 'cmake'
[3.139s] Level 1:colcon.colcon_core.package_identification:_identify(bags/example7) by extension 'python'
[3.139s] Level 1:colcon.colcon_core.package_identification:_identify(bags/example7) by extensions ['python_setup_py']
[3.139s] Level 1:colcon.colcon_core.package_identification:_identify(bags/example7) by extension 'python_setup_py'
[3.149s] Level 1:colcon.colcon_core.package_identification:_identify(bags/example8) by extensions ['ignore', 'ignore_ament_install']
[3.149s] Level 1:colcon.colcon_core.package_identification:_identify(bags/example8) by extension 'ignore'
[3.149s] Level 1:colcon.colcon_core.package_identification:_identify(bags/example8) by extension 'ignore_ament_install'
[3.149s] Level 1:colcon.colcon_core.package_identification:_identify(bags/example8) by extensions ['colcon_pkg']
[3.149s] Level 1:colcon.colcon_core.package_identification:_identify(bags/example8) by extension 'colcon_pkg'
[3.150s] Level 1:colcon.colcon_core.package_identification:_identify(bags/example8) by extensions ['colcon_meta']
[3.150s] Level 1:colcon.colcon_core.package_identification:_identify(bags/example8) by extension 'colcon_meta'
[3.150s] Level 1:colcon.colcon_core.package_identification:_identify(bags/example8) by extensions ['ros']
[3.150s] Level 1:colcon.colcon_core.package_identification:_identify(bags/example8) by extension 'ros'
[3.150s] Level 1:colcon.colcon_core.package_identification:_identify(bags/example8) by extensions ['cmake', 'python']
[3.150s] Level 1:colcon.colcon_core.package_identification:_identify(bags/example8) by extension 'cmake'
[3.150s] Level 1:colcon.colcon_core.package_identification:_identify(bags/example8) by extension 'python'
[3.150s] Level 1:colcon.colcon_core.package_identification:_identify(bags/example8) by extensions ['python_setup_py']
[3.150s] Level 1:colcon.colcon_core.package_identification:_identify(bags/example8) by extension 'python_setup_py'
[3.151s] Level 1:colcon.colcon_core.package_identification:_identify(bags/example9) by extensions ['ignore', 'ignore_ament_install']
[3.151s] Level 1:colcon.colcon_core.package_identification:_identify(bags/example9) by extension 'ignore'
[3.151s] Level 1:colcon.colcon_core.package_identification:_identify(bags/example9) by extension 'ignore_ament_install'
[3.151s] Level 1:colcon.colcon_core.package_identification:_identify(bags/example9) by extensions ['colcon_pkg']
[3.151s] Level 1:colcon.colcon_core.package_identification:_identify(bags/example9) by extension 'colcon_pkg'
[3.151s] Level 1:colcon.colcon_core.package_identification:_identify(bags/example9) by extensions ['colcon_meta']
[3.152s] Level 1:colcon.colcon_core.package_identification:_identify(bags/example9) by extension 'colcon_meta'
[3.152s] Level 1:colcon.colcon_core.package_identification:_identify(bags/example9) by extensions ['ros']
[3.152s] Level 1:colcon.colcon_core.package_identification:_identify(bags/example9) by extension 'ros'
[3.152s] Level 1:colcon.colcon_core.package_identification:_identify(bags/example9) by extensions ['cmake', 'python']
[3.152s] Level 1:colcon.colcon_core.package_identification:_identify(bags/example9) by extension 'cmake'
[3.152s] Level 1:colcon.colcon_core.package_identification:_identify(bags/example9) by extension 'python'
[3.152s] Level 1:colcon.colcon_core.package_identification:_identify(bags/example9) by extensions ['python_setup_py']
[3.152s] Level 1:colcon.colcon_core.package_identification:_identify(bags/example9) by extension 'python_setup_py'
[3.152s] Level 1:colcon.colcon_core.package_identification:_identify(build) by extensions ['ignore', 'ignore_ament_install']
[3.152s] Level 1:colcon.colcon_core.package_identification:_identify(build) by extension 'ignore'
[3.152s] Level 1:colcon.colcon_core.package_identification:_identify(build) ignored
[3.152s] Level 1:colcon.colcon_core.package_identification:_identify(install) by extensions ['ignore', 'ignore_ament_install']
[3.152s] Level 1:colcon.colcon_core.package_identification:_identify(install) by extension 'ignore'
[3.152s] Level 1:colcon.colcon_core.package_identification:_identify(install) ignored
[3.153s] Level 1:colcon.colcon_core.package_identification:_identify(log) by extensions ['ignore', 'ignore_ament_install']
[3.153s] Level 1:colcon.colcon_core.package_identification:_identify(log) by extension 'ignore'
[3.153s] Level 1:colcon.colcon_core.package_identification:_identify(log) ignored
[3.154s] Level 1:colcon.colcon_core.package_identification:_identify(output_bags) by extensions ['ignore', 'ignore_ament_install']
[3.154s] Level 1:colcon.colcon_core.package_identification:_identify(output_bags) by extension 'ignore'
[3.154s] Level 1:colcon.colcon_core.package_identification:_identify(output_bags) by extension 'ignore_ament_install'
[3.154s] Level 1:colcon.colcon_core.package_identification:_identify(output_bags) by extensions ['colcon_pkg']
[3.154s] Level 1:colcon.colcon_core.package_identification:_identify(output_bags) by extension 'colcon_pkg'
[3.154s] Level 1:colcon.colcon_core.package_identification:_identify(output_bags) by extensions ['colcon_meta']
[3.154s] Level 1:colcon.colcon_core.package_identification:_identify(output_bags) by extension 'colcon_meta'
[3.154s] Level 1:colcon.colcon_core.package_identification:_identify(output_bags) by extensions ['ros']
[3.154s] Level 1:colcon.colcon_core.package_identification:_identify(output_bags) by extension 'ros'
[3.154s] Level 1:colcon.colcon_core.package_identification:_identify(output_bags) by extensions ['cmake', 'python']
[3.154s] Level 1:colcon.colcon_core.package_identification:_identify(output_bags) by extension 'cmake'
[3.154s] Level 1:colcon.colcon_core.package_identification:_identify(output_bags) by extension 'python'
[3.154s] Level 1:colcon.colcon_core.package_identification:_identify(output_bags) by extensions ['python_setup_py']
[3.155s] Level 1:colcon.colcon_core.package_identification:_identify(output_bags) by extension 'python_setup_py'
[3.155s] Level 1:colcon.colcon_core.package_identification:_identify(src) by extensions ['ignore', 'ignore_ament_install']
[3.155s] Level 1:colcon.colcon_core.package_identification:_identify(src) by extension 'ignore'
[3.155s] Level 1:colcon.colcon_core.package_identification:_identify(src) by extension 'ignore_ament_install'
[3.155s] Level 1:colcon.colcon_core.package_identification:_identify(src) by extensions ['colcon_pkg']
[3.155s] Level 1:colcon.colcon_core.package_identification:_identify(src) by extension 'colcon_pkg'
[3.155s] Level 1:colcon.colcon_core.package_identification:_identify(src) by extensions ['colcon_meta']
[3.155s] Level 1:colcon.colcon_core.package_identification:_identify(src) by extension 'colcon_meta'
[3.155s] Level 1:colcon.colcon_core.package_identification:_identify(src) by extensions ['ros']
[3.155s] Level 1:colcon.colcon_core.package_identification:_identify(src) by extension 'ros'
[3.155s] Level 1:colcon.colcon_core.package_identification:_identify(src) by extensions ['cmake', 'python']
[3.155s] Level 1:colcon.colcon_core.package_identification:_identify(src) by extension 'cmake'
[3.155s] Level 1:colcon.colcon_core.package_identification:_identify(src) by extension 'python'
[3.155s] Level 1:colcon.colcon_core.package_identification:_identify(src) by extensions ['python_setup_py']
[3.155s] Level 1:colcon.colcon_core.package_identification:_identify(src) by extension 'python_setup_py'
[3.156s] Level 1:colcon.colcon_core.package_identification:_identify(src/project3_pkg) by extensions ['ignore', 'ignore_ament_install']
[3.156s] Level 1:colcon.colcon_core.package_identification:_identify(src/project3_pkg) by extension 'ignore'
[3.156s] Level 1:colcon.colcon_core.package_identification:_identify(src/project3_pkg) by extension 'ignore_ament_install'
[3.156s] Level 1:colcon.colcon_core.package_identification:_identify(src/project3_pkg) by extensions ['colcon_pkg']
[3.156s] Level 1:colcon.colcon_core.package_identification:_identify(src/project3_pkg) by extension 'colcon_pkg'
[3.156s] Level 1:colcon.colcon_core.package_identification:_identify(src/project3_pkg) by extensions ['colcon_meta']
[3.156s] Level 1:colcon.colcon_core.package_identification:_identify(src/project3_pkg) by extension 'colcon_meta'
[3.156s] Level 1:colcon.colcon_core.package_identification:_identify(src/project3_pkg) by extensions ['ros']
[3.156s] Level 1:colcon.colcon_core.package_identification:_identify(src/project3_pkg) by extension 'ros'
[3.167s] DEBUG:colcon.colcon_core.package_identification:Package 'src/project3_pkg' with type 'ros.ament_python' and name 'project3_pkg'
[3.167s] Level 1:colcon.colcon_core.package_discovery:discover_packages(recursive) using defaults
[3.167s] Level 1:colcon.colcon_core.package_discovery:discover_packages(ignore) discover
[3.167s] Level 1:colcon.colcon_core.package_discovery:discover_packages(ignore) using defaults
[3.167s] Level 1:colcon.colcon_core.package_discovery:discover_packages(path) discover
[3.167s] Level 1:colcon.colcon_core.package_discovery:discover_packages(path) using defaults
[3.328s] Level 1:colcon.colcon_core.package_discovery:discover_packages(prefix_path) check parameters
[3.328s] Level 1:colcon.colcon_core.package_discovery:discover_packages(prefix_path) discover
[3.537s] DEBUG:colcon.colcon_installed_package_information.package_discovery:Found 1 installed packages in /home/chase/CSCE452_Project3/project3_ws/install
[4.509s] DEBUG:colcon.colcon_installed_package_information.package_discovery:Found 325 installed packages in /home/chase/ros2_humble/install
[4.511s] Level 1:colcon.colcon_core.package_discovery:discover_packages(prefix_path) using defaults
[7.011s] Level 5:colcon.colcon_core.verb:set package 'project3_pkg' build argument 'cmake_args' from command line to 'None'
[7.011s] Level 5:colcon.colcon_core.verb:set package 'project3_pkg' build argument 'cmake_target' from command line to 'None'
[7.011s] Level 5:colcon.colcon_core.verb:set package 'project3_pkg' build argument 'cmake_target_skip_unavailable' from command line to 'False'
[7.011s] Level 5:colcon.colcon_core.verb:set package 'project3_pkg' build argument 'cmake_clean_cache' from command line to 'False'
[7.011s] Level 5:colcon.colcon_core.verb:set package 'project3_pkg' build argument 'cmake_clean_first' from command line to 'False'
[7.011s] Level 5:colcon.colcon_core.verb:set package 'project3_pkg' build argument 'cmake_force_configure' from command line to 'False'
[7.011s] Level 5:colcon.colcon_core.verb:set package 'project3_pkg' build argument 'ament_cmake_args' from command line to 'None'
[7.011s] Level 5:colcon.colcon_core.verb:set package 'project3_pkg' build argument 'catkin_cmake_args' from command line to 'None'
[7.011s] Level 5:colcon.colcon_core.verb:set package 'project3_pkg' build argument 'catkin_skip_building_tests' from command line to 'False'
[7.011s] DEBUG:colcon.colcon_core.verb:Building package 'project3_pkg' with the following arguments: {'ament_cmake_args': None, 'build_base': '/home/chase/CSCE452_Project3/project3_ws/build/project3_pkg', 'catkin_cmake_args': None, 'catkin_skip_building_tests': False, 'cmake_args': None, 'cmake_clean_cache': False, 'cmake_clean_first': False, 'cmake_force_configure': False, 'cmake_target': None, 'cmake_target_skip_unavailable': False, 'install_base': '/home/chase/CSCE452_Project3/project3_ws/install/project3_pkg', 'merge_install': False, 'path': '/home/chase/CSCE452_Project3/project3_ws/src/project3_pkg', 'symlink_install': False, 'test_result_base': None}
[7.012s] INFO:colcon.colcon_core.executor:Executing jobs using 'parallel' executor
[7.030s] DEBUG:colcon.colcon_parallel_executor.executor.parallel:run_until_complete
[7.030s] INFO:colcon.colcon_ros.task.ament_python.build:Building ROS package in '/home/chase/CSCE452_Project3/project3_ws/src/project3_pkg' with build type 'ament_python'
[7.030s] Level 1:colcon.colcon_core.shell:create_environment_hook('project3_pkg', 'ament_prefix_path')
[7.108s] INFO:colcon.colcon_core.plugin_system:Skipping extension 'colcon_core.shell.bat': Not used on non-Windows systems
[7.108s] INFO:colcon.colcon_core.shell:Creating environment hook '/home/chase/CSCE452_Project3/project3_ws/install/project3_pkg/share/project3_pkg/hook/ament_prefix_path.ps1'
[7.114s] INFO:colcon.colcon_core.shell:Creating environment descriptor '/home/chase/CSCE452_Project3/project3_ws/install/project3_pkg/share/project3_pkg/hook/ament_prefix_path.dsv'
[7.116s] INFO:colcon.colcon_core.shell:Creating environment hook '/home/chase/CSCE452_Project3/project3_ws/install/project3_pkg/share/project3_pkg/hook/ament_prefix_path.sh'
[7.133s] INFO:colcon.colcon_core.shell:Skip shell extension 'powershell' for command environment: Not usable outside of PowerShell
[7.142s] DEBUG:colcon.colcon_core.shell:Skip shell extension 'dsv' for command environment
[9.229s] INFO:colcon.colcon_core.task.python.build:Building Python package in '/home/chase/CSCE452_Project3/project3_ws/src/project3_pkg'
[9.232s] INFO:colcon.colcon_core.shell:Skip shell extension 'powershell' for command environment: Not usable outside of PowerShell
[9.232s] DEBUG:colcon.colcon_core.shell:Skip shell extension 'dsv' for command environment
[12.422s] DEBUG:colcon.colcon_core.event_handler.log_command:Invoking command in '/home/chase/CSCE452_Project3/project3_ws/src/project3_pkg': PYTHONPATH=/home/chase/CSCE452_Project3/project3_ws/build/project3_pkg/prefix_override:/home/chase/CSCE452_Project3/project3_ws/install/project3_pkg/lib/python3.8/site-packages:${PYTHONPATH} /usr/bin/python3 setup.py egg_info --egg-base ../../build/project3_pkg build --build-base /home/chase/CSCE452_Project3/project3_ws/build/project3_pkg/build install --record /home/chase/CSCE452_Project3/project3_ws/build/project3_pkg/install.log --single-version-externally-managed
[14.766s] DEBUG:colcon.colcon_core.event_handler.log_command:Invoked command in '/home/chase/CSCE452_Project3/project3_ws/src/project3_pkg' returned '0': PYTHONPATH=/home/chase/CSCE452_Project3/project3_ws/build/project3_pkg/prefix_override:/home/chase/CSCE452_Project3/project3_ws/install/project3_pkg/lib/python3.8/site-packages:${PYTHONPATH} /usr/bin/python3 setup.py egg_info --egg-base ../../build/project3_pkg build --build-base /home/chase/CSCE452_Project3/project3_ws/build/project3_pkg/build install --record /home/chase/CSCE452_Project3/project3_ws/build/project3_pkg/install.log --single-version-externally-managed
[14.808s] Level 1:colcon.colcon_core.environment:checking '/home/chase/CSCE452_Project3/project3_ws/install/project3_pkg' for CMake module files
[14.808s] Level 1:colcon.colcon_core.environment:checking '/home/chase/CSCE452_Project3/project3_ws/install/project3_pkg' for CMake config files
[14.811s] Level 1:colcon.colcon_core.environment:checking '/home/chase/CSCE452_Project3/project3_ws/install/project3_pkg/lib'
[14.811s] Level 1:colcon.colcon_core.environment:checking '/home/chase/CSCE452_Project3/project3_ws/install/project3_pkg/bin'
[14.811s] Level 1:colcon.colcon_core.environment:checking '/home/chase/CSCE452_Project3/project3_ws/install/project3_pkg/lib/pkgconfig/project3_pkg.pc'
[14.811s] Level 1:colcon.colcon_core.environment:checking '/home/chase/CSCE452_Project3/project3_ws/install/project3_pkg/lib/python3.8/site-packages'
[14.811s] Level 1:colcon.colcon_core.shell:create_environment_hook('project3_pkg', 'pythonpath')
[14.814s] INFO:colcon.colcon_core.shell:Creating environment hook '/home/chase/CSCE452_Project3/project3_ws/install/project3_pkg/share/project3_pkg/hook/pythonpath.ps1'
[14.816s] INFO:colcon.colcon_core.shell:Creating environment descriptor '/home/chase/CSCE452_Project3/project3_ws/install/project3_pkg/share/project3_pkg/hook/pythonpath.dsv'
[14.826s] INFO:colcon.colcon_core.shell:Creating environment hook '/home/chase/CSCE452_Project3/project3_ws/install/project3_pkg/share/project3_pkg/hook/pythonpath.sh'
[14.828s] Level 1:colcon.colcon_core.environment:checking '/home/chase/CSCE452_Project3/project3_ws/install/project3_pkg/bin'
[14.828s] Level 1:colcon.colcon_core.environment:create_environment_scripts_only(project3_pkg)
[14.831s] INFO:colcon.colcon_core.shell:Creating package script '/home/chase/CSCE452_Project3/project3_ws/install/project3_pkg/share/project3_pkg/package.ps1'
[14.839s] INFO:colcon.colcon_core.shell:Creating package descriptor '/home/chase/CSCE452_Project3/project3_ws/install/project3_pkg/share/project3_pkg/package.dsv'
[14.842s] INFO:colcon.colcon_core.shell:Creating package script '/home/chase/CSCE452_Project3/project3_ws/install/project3_pkg/share/project3_pkg/package.sh'
[14.845s] INFO:colcon.colcon_core.shell:Creating package script '/home/chase/CSCE452_Project3/project3_ws/install/project3_pkg/share/project3_pkg/package.bash'
[14.848s] INFO:colcon.colcon_core.shell:Creating package script '/home/chase/CSCE452_Project3/project3_ws/install/project3_pkg/share/project3_pkg/package.zsh'
[14.863s] Level 1:colcon.colcon_core.environment:create_file_with_runtime_dependencies(/home/chase/CSCE452_Project3/project3_ws/install/project3_pkg/share/colcon-core/packages/project3_pkg)
[14.867s] DEBUG:colcon.colcon_parallel_executor.executor.parallel:closing loop
[14.867s] DEBUG:colcon.colcon_parallel_executor.executor.parallel:loop closed
[14.867s] DEBUG:colcon.colcon_parallel_executor.executor.parallel:run_until_complete finished with '0'
[14.867s] DEBUG:colcon.colcon_core.event_reactor:joining thread
[14.954s] INFO:colcon.colcon_core.plugin_system:Skipping extension 'colcon_notification.desktop_notification.terminal_notifier': Not used on non-Darwin systems
[14.954s] INFO:colcon.colcon_core.plugin_system:Skipping extension 'colcon_notification.desktop_notification.win32': Not used on non-Windows systems
[14.954s] INFO:colcon.colcon_notification.desktop_notification:Sending desktop notification using 'notify2'
[15.103s] DEBUG:colcon.colcon_core.event_reactor:joined thread
[15.106s] INFO:colcon.colcon_core.shell:Creating prefix script '/home/chase/CSCE452_Project3/project3_ws/install/local_setup.ps1'
[15.116s] INFO:colcon.colcon_core.shell:Creating prefix util module '/home/chase/CSCE452_Project3/project3_ws/install/_local_setup_util_ps1.py'
[15.137s] INFO:colcon.colcon_core.shell:Creating prefix chain script '/home/chase/CSCE452_Project3/project3_ws/install/setup.ps1'
[15.179s] INFO:colcon.colcon_core.shell:Creating prefix script '/home/chase/CSCE452_Project3/project3_ws/install/local_setup.sh'
[15.182s] INFO:colcon.colcon_core.shell:Creating prefix util module '/home/chase/CSCE452_Project3/project3_ws/install/_local_setup_util_sh.py'
[15.200s] INFO:colcon.colcon_core.shell:Creating prefix chain script '/home/chase/CSCE452_Project3/project3_ws/install/setup.sh'
[15.262s] INFO:colcon.colcon_core.shell:Creating prefix script '/home/chase/CSCE452_Project3/project3_ws/install/local_setup.bash'
[15.286s] INFO:colcon.colcon_core.shell:Creating prefix chain script '/home/chase/CSCE452_Project3/project3_ws/install/setup.bash'
[15.336s] INFO:colcon.colcon_core.shell:Creating prefix script '/home/chase/CSCE452_Project3/project3_ws/install/local_setup.zsh'
[15.338s] INFO:colcon.colcon_core.shell:Creating prefix chain script '/home/chase/CSCE452_Project3/project3_ws/install/setup.zsh'
