/home/aaron/project/CSCE452_Project3/project3_ws/install/project3_pkg/lib/python3.10/site-packages/project3_pkg/laser_to_point_cloud_filtered.py
/home/aaron/project/CSCE452_Project3/project3_ws/install/project3_pkg/lib/python3.10/site-packages/project3_pkg/laser_scan_to_pointcloud.py
/home/aaron/project/CSCE452_Project3/project3_ws/install/project3_pkg/lib/python3.10/site-packages/project3_pkg/peoplecounter.py
/home/aaron/project/CSCE452_Project3/project3_ws/install/project3_pkg/lib/python3.10/site-packages/project3_pkg/filter_laser.py
/home/aaron/project/CSCE452_Project3/project3_ws/install/project3_pkg/lib/python3.10/site-packages/project3_pkg/__init__.py
/home/aaron/project/CSCE452_Project3/project3_ws/install/project3_pkg/lib/python3.10/site-packages/project3_pkg/__pycache__/laser_to_point_cloud_filtered.cpython-310.pyc
/home/aaron/project/CSCE452_Project3/project3_ws/install/project3_pkg/lib/python3.10/site-packages/project3_pkg/__pycache__/laser_scan_to_pointcloud.cpython-310.pyc
/home/aaron/project/CSCE452_Project3/project3_ws/install/project3_pkg/lib/python3.10/site-packages/project3_pkg/__pycache__/peoplecounter.cpython-310.pyc
/home/aaron/project/CSCE452_Project3/project3_ws/install/project3_pkg/lib/python3.10/site-packages/project3_pkg/__pycache__/filter_laser.cpython-310.pyc
/home/aaron/project/CSCE452_Project3/project3_ws/install/project3_pkg/lib/python3.10/site-packages/project3_pkg/__pycache__/__init__.cpython-310.pyc
/home/aaron/project/CSCE452_Project3/project3_ws/install/project3_pkg/share/ament_index/resource_index/packages/project3_pkg
/home/aaron/project/CSCE452_Project3/project3_ws/install/project3_pkg/share/project3_pkg/package.xml
/home/aaron/project/CSCE452_Project3/project3_ws/install/project3_pkg/share/project3_pkg/launch.py
/home/aaron/project/CSCE452_Project3/project3_ws/install/project3_pkg/lib/python3.10/site-packages/project3_pkg-0.0.0-py3.10.egg-info/entry_points.txt
/home/aaron/project/CSCE452_Project3/project3_ws/install/project3_pkg/lib/python3.10/site-packages/project3_pkg-0.0.0-py3.10.egg-info/PKG-INFO
/home/aaron/project/CSCE452_Project3/project3_ws/install/project3_pkg/lib/python3.10/site-packages/project3_pkg-0.0.0-py3.10.egg-info/dependency_links.txt
/home/aaron/project/CSCE452_Project3/project3_ws/install/project3_pkg/lib/python3.10/site-packages/project3_pkg-0.0.0-py3.10.egg-info/SOURCES.txt
/home/aaron/project/CSCE452_Project3/project3_ws/install/project3_pkg/lib/python3.10/site-packages/project3_pkg-0.0.0-py3.10.egg-info/requires.txt
/home/aaron/project/CSCE452_Project3/project3_ws/install/project3_pkg/lib/python3.10/site-packages/project3_pkg-0.0.0-py3.10.egg-info/top_level.txt
/home/aaron/project/CSCE452_Project3/project3_ws/install/project3_pkg/lib/python3.10/site-packages/project3_pkg-0.0.0-py3.10.egg-info/zip-safe
/home/aaron/project/CSCE452_Project3/project3_ws/install/project3_pkg/lib/project3_pkg/laser_scan_to_pointcloud
/home/aaron/project/CSCE452_Project3/project3_ws/install/project3_pkg/lib/project3_pkg/peoplecounter
