[2.508s] DEBUG:colcon:Command line arguments: ['/usr/bin/colcon', 'build']
[2.509s] DEBUG:colcon:Parsed command line arguments: Namespace(allow_overriding=[], ament_cmake_args=None, base_paths=['.'], build_base='build', catkin_cmake_args=None, catkin_skip_building_tests=False, cmake_args=None, cmake_clean_cache=False, cmake_clean_first=False, cmake_force_configure=False, cmake_target=None, cmake_target_skip_unavailable=False, continue_on_error=False, event_handlers=None, executor='parallel', ignore_user_meta=False, install_base='install', log_base=None, log_level=None, main=<bound method BuildVerb.main of <colcon_core.verb.build.BuildVerb object at 0x7f8bf392a820>>, merge_install=False, metas=['./colcon.meta'], packages_above=None, packages_above_and_dependencies=None, packages_above_depth=None, packages_end=None, packages_ignore=None, packages_ignore_regex=None, packages_select=None, packages_select_build_failed=False, packages_select_by_dep=None, packages_select_regex=None, packages_select_test_failures=False, packages_skip=None, packages_skip_build_finished=False, packages_skip_by_dep=None, packages_skip_regex=None, packages_skip_test_passed=False, packages_skip_up_to=None, packages_start=None, packages_up_to=None, packages_up_to_regex=None, parallel_workers=1, paths=None, symlink_install=False, test_result_base=None, verb_extension=<colcon_core.verb.build.BuildVerb object at 0x7f8bf392a820>, verb_name='build', verb_parser=<colcon_defaults.argument_parser.defaults.DefaultArgumentsDecorator object at 0x7f8bf392ad90>)
[2.804s] Level 1:colcon.colcon_core.package_discovery:discover_packages(colcon_meta) check parameters
[2.805s] Level 1:colcon.colcon_core.package_discovery:discover_packages(recursive) check parameters
[2.805s] Level 1:colcon.colcon_core.package_discovery:discover_packages(ignore) check parameters
[2.805s] Level 1:colcon.colcon_core.package_discovery:discover_packages(path) check parameters
[2.805s] Level 1:colcon.colcon_core.package_discovery:discover_packages(colcon_meta) discover
[2.805s] Level 1:colcon.colcon_core.package_discovery:discover_packages(recursive) discover
[2.805s] INFO:colcon.colcon_core.package_discovery:Crawling recursively for packages in '/home/chase/CSCE452_Project3/project3_ws'
[2.805s] Level 1:colcon.colcon_core.package_identification:_identify(.) by extensions ['ignore', 'ignore_ament_install']
[2.805s] Level 1:colcon.colcon_core.package_identification:_identify(.) by extension 'ignore'
[2.805s] Level 1:colcon.colcon_core.package_identification:_identify(.) by extension 'ignore_ament_install'
[2.805s] Level 1:colcon.colcon_core.package_identification:_identify(.) by extensions ['colcon_pkg']
[2.805s] Level 1:colcon.colcon_core.package_identification:_identify(.) by extension 'colcon_pkg'
[2.805s] Level 1:colcon.colcon_core.package_identification:_identify(.) by extensions ['colcon_meta']
[2.805s] Level 1:colcon.colcon_core.package_identification:_identify(.) by extension 'colcon_meta'
[2.805s] Level 1:colcon.colcon_core.package_identification:_identify(.) by extensions ['ros']
[2.806s] Level 1:colcon.colcon_core.package_identification:_identify(.) by extension 'ros'
[2.879s] Level 1:colcon.colcon_core.package_identification:_identify(.) by extensions ['cmake', 'python']
[2.879s] Level 1:colcon.colcon_core.package_identification:_identify(.) by extension 'cmake'
[2.879s] Level 1:colcon.colcon_core.package_identification:_identify(.) by extension 'python'
[2.879s] Level 1:colcon.colcon_core.package_identification:_identify(.) by extensions ['python_setup_py']
[2.879s] Level 1:colcon.colcon_core.package_identification:_identify(.) by extension 'python_setup_py'
[2.879s] Level 1:colcon.colcon_core.package_identification:_identify(build) by extensions ['ignore', 'ignore_ament_install']
[2.879s] Level 1:colcon.colcon_core.package_identification:_identify(build) by extension 'ignore'
[2.879s] Level 1:colcon.colcon_core.package_identification:_identify(build) ignored
[2.879s] Level 1:colcon.colcon_core.package_identification:_identify(install) by extensions ['ignore', 'ignore_ament_install']
[2.880s] Level 1:colcon.colcon_core.package_identification:_identify(install) by extension 'ignore'
[2.880s] Level 1:colcon.colcon_core.package_identification:_identify(install) ignored
[2.880s] Level 1:colcon.colcon_core.package_identification:_identify(log) by extensions ['ignore', 'ignore_ament_install']
[2.880s] Level 1:colcon.colcon_core.package_identification:_identify(log) by extension 'ignore'
[2.880s] Level 1:colcon.colcon_core.package_identification:_identify(log) ignored
[2.880s] Level 1:colcon.colcon_core.package_identification:_identify(src) by extensions ['ignore', 'ignore_ament_install']
[2.880s] Level 1:colcon.colcon_core.package_identification:_identify(src) by extension 'ignore'
[2.880s] Level 1:colcon.colcon_core.package_identification:_identify(src) by extension 'ignore_ament_install'
[2.880s] Level 1:colcon.colcon_core.package_identification:_identify(src) by extensions ['colcon_pkg']
[2.880s] Level 1:colcon.colcon_core.package_identification:_identify(src) by extension 'colcon_pkg'
[2.880s] Level 1:colcon.colcon_core.package_identification:_identify(src) by extensions ['colcon_meta']
[2.880s] Level 1:colcon.colcon_core.package_identification:_identify(src) by extension 'colcon_meta'
[2.880s] Level 1:colcon.colcon_core.package_identification:_identify(src) by extensions ['ros']
[2.880s] Level 1:colcon.colcon_core.package_identification:_identify(src) by extension 'ros'
[2.880s] Level 1:colcon.colcon_core.package_identification:_identify(src) by extensions ['cmake', 'python']
[2.881s] Level 1:colcon.colcon_core.package_identification:_identify(src) by extension 'cmake'
[2.881s] Level 1:colcon.colcon_core.package_identification:_identify(src) by extension 'python'
[2.881s] Level 1:colcon.colcon_core.package_identification:_identify(src) by extensions ['python_setup_py']
[2.881s] Level 1:colcon.colcon_core.package_identification:_identify(src) by extension 'python_setup_py'
[2.881s] Level 1:colcon.colcon_core.package_identification:_identify(src/project3_pkg) by extensions ['ignore', 'ignore_ament_install']
[2.881s] Level 1:colcon.colcon_core.package_identification:_identify(src/project3_pkg) by extension 'ignore'
[2.881s] Level 1:colcon.colcon_core.package_identification:_identify(src/project3_pkg) by extension 'ignore_ament_install'
[2.881s] Level 1:colcon.colcon_core.package_identification:_identify(src/project3_pkg) by extensions ['colcon_pkg']
[2.881s] Level 1:colcon.colcon_core.package_identification:_identify(src/project3_pkg) by extension 'colcon_pkg'
[2.881s] Level 1:colcon.colcon_core.package_identification:_identify(src/project3_pkg) by extensions ['colcon_meta']
[2.881s] Level 1:colcon.colcon_core.package_identification:_identify(src/project3_pkg) by extension 'colcon_meta'
[2.881s] Level 1:colcon.colcon_core.package_identification:_identify(src/project3_pkg) by extensions ['ros']
[2.881s] Level 1:colcon.colcon_core.package_identification:_identify(src/project3_pkg) by extension 'ros'
[2.904s] DEBUG:colcon.colcon_core.package_identification:Package 'src/project3_pkg' with type 'ros.ament_python' and name 'project3_pkg'
[2.904s] Level 1:colcon.colcon_core.package_discovery:discover_packages(recursive) using defaults
[2.904s] Level 1:colcon.colcon_core.package_discovery:discover_packages(ignore) discover
[2.904s] Level 1:colcon.colcon_core.package_discovery:discover_packages(ignore) using defaults
[2.904s] Level 1:colcon.colcon_core.package_discovery:discover_packages(path) discover
[2.904s] Level 1:colcon.colcon_core.package_discovery:discover_packages(path) using defaults
[3.108s] Level 1:colcon.colcon_core.package_discovery:discover_packages(prefix_path) check parameters
[3.108s] Level 1:colcon.colcon_core.package_discovery:discover_packages(prefix_path) discover
[3.348s] DEBUG:colcon.colcon_installed_package_information.package_discovery:Found 1 installed packages in /home/chase/CSCE452_Project3/project3_ws/install
[4.558s] DEBUG:colcon.colcon_installed_package_information.package_discovery:Found 325 installed packages in /home/chase/ros2_humble/install
[4.561s] Level 1:colcon.colcon_core.package_discovery:discover_packages(prefix_path) using defaults
[7.421s] Level 5:colcon.colcon_core.verb:set package 'project3_pkg' build argument 'cmake_args' from command line to 'None'
[7.421s] Level 5:colcon.colcon_core.verb:set package 'project3_pkg' build argument 'cmake_target' from command line to 'None'
[7.421s] Level 5:colcon.colcon_core.verb:set package 'project3_pkg' build argument 'cmake_target_skip_unavailable' from command line to 'False'
[7.421s] Level 5:colcon.colcon_core.verb:set package 'project3_pkg' build argument 'cmake_clean_cache' from command line to 'False'
[7.421s] Level 5:colcon.colcon_core.verb:set package 'project3_pkg' build argument 'cmake_clean_first' from command line to 'False'
[7.421s] Level 5:colcon.colcon_core.verb:set package 'project3_pkg' build argument 'cmake_force_configure' from command line to 'False'
[7.421s] Level 5:colcon.colcon_core.verb:set package 'project3_pkg' build argument 'ament_cmake_args' from command line to 'None'
[7.421s] Level 5:colcon.colcon_core.verb:set package 'project3_pkg' build argument 'catkin_cmake_args' from command line to 'None'
[7.421s] Level 5:colcon.colcon_core.verb:set package 'project3_pkg' build argument 'catkin_skip_building_tests' from command line to 'False'
[7.421s] DEBUG:colcon.colcon_core.verb:Building package 'project3_pkg' with the following arguments: {'ament_cmake_args': None, 'build_base': '/home/chase/CSCE452_Project3/project3_ws/build/project3_pkg', 'catkin_cmake_args': None, 'catkin_skip_building_tests': False, 'cmake_args': None, 'cmake_clean_cache': False, 'cmake_clean_first': False, 'cmake_force_configure': False, 'cmake_target': None, 'cmake_target_skip_unavailable': False, 'install_base': '/home/chase/CSCE452_Project3/project3_ws/install/project3_pkg', 'merge_install': False, 'path': '/home/chase/CSCE452_Project3/project3_ws/src/project3_pkg', 'symlink_install': False, 'test_result_base': None}
[7.423s] INFO:colcon.colcon_core.executor:Executing jobs using 'parallel' executor
[7.471s] DEBUG:colcon.colcon_parallel_executor.executor.parallel:run_until_complete
[7.472s] INFO:colcon.colcon_ros.task.ament_python.build:Building ROS package in '/home/chase/CSCE452_Project3/project3_ws/src/project3_pkg' with build type 'ament_python'
[7.472s] Level 1:colcon.colcon_core.shell:create_environment_hook('project3_pkg', 'ament_prefix_path')
[7.540s] INFO:colcon.colcon_core.plugin_system:Skipping extension 'colcon_core.shell.bat': Not used on non-Windows systems
[7.541s] INFO:colcon.colcon_core.shell:Creating environment hook '/home/chase/CSCE452_Project3/project3_ws/install/project3_pkg/share/project3_pkg/hook/ament_prefix_path.ps1'
[7.545s] INFO:colcon.colcon_core.shell:Creating environment descriptor '/home/chase/CSCE452_Project3/project3_ws/install/project3_pkg/share/project3_pkg/hook/ament_prefix_path.dsv'
[7.554s] INFO:colcon.colcon_core.shell:Creating environment hook '/home/chase/CSCE452_Project3/project3_ws/install/project3_pkg/share/project3_pkg/hook/ament_prefix_path.sh'
[7.571s] INFO:colcon.colcon_core.shell:Skip shell extension 'powershell' for command environment: Not usable outside of PowerShell
[7.571s] DEBUG:colcon.colcon_core.shell:Skip shell extension 'dsv' for command environment
[11.428s] INFO:colcon.colcon_core.task.python.build:Building Python package in '/home/chase/CSCE452_Project3/project3_ws/src/project3_pkg'
[11.432s] INFO:colcon.colcon_core.shell:Skip shell extension 'powershell' for command environment: Not usable outside of PowerShell
[11.432s] DEBUG:colcon.colcon_core.shell:Skip shell extension 'dsv' for command environment
[16.464s] DEBUG:colcon.colcon_core.event_handler.log_command:Invoking command in '/home/chase/CSCE452_Project3/project3_ws/src/project3_pkg': PYTHONPATH=/home/chase/CSCE452_Project3/project3_ws/build/project3_pkg/prefix_override:/home/chase/CSCE452_Project3/project3_ws/install/project3_pkg/lib/python3.8/site-packages:${PYTHONPATH} /usr/bin/python3 setup.py egg_info --egg-base ../../build/project3_pkg build --build-base /home/chase/CSCE452_Project3/project3_ws/build/project3_pkg/build install --record /home/chase/CSCE452_Project3/project3_ws/build/project3_pkg/install.log --single-version-externally-managed
[19.992s] DEBUG:colcon.colcon_core.event_handler.log_command:Invoked command in '/home/chase/CSCE452_Project3/project3_ws/src/project3_pkg' returned '0': PYTHONPATH=/home/chase/CSCE452_Project3/project3_ws/build/project3_pkg/prefix_override:/home/chase/CSCE452_Project3/project3_ws/install/project3_pkg/lib/python3.8/site-packages:${PYTHONPATH} /usr/bin/python3 setup.py egg_info --egg-base ../../build/project3_pkg build --build-base /home/chase/CSCE452_Project3/project3_ws/build/project3_pkg/build install --record /home/chase/CSCE452_Project3/project3_ws/build/project3_pkg/install.log --single-version-externally-managed
[20.063s] Level 1:colcon.colcon_core.environment:checking '/home/chase/CSCE452_Project3/project3_ws/install/project3_pkg' for CMake module files
[20.064s] Level 1:colcon.colcon_core.environment:checking '/home/chase/CSCE452_Project3/project3_ws/install/project3_pkg' for CMake config files
[20.089s] Level 1:colcon.colcon_core.environment:checking '/home/chase/CSCE452_Project3/project3_ws/install/project3_pkg/lib'
[20.089s] Level 1:colcon.colcon_core.environment:checking '/home/chase/CSCE452_Project3/project3_ws/install/project3_pkg/bin'
[20.089s] Level 1:colcon.colcon_core.environment:checking '/home/chase/CSCE452_Project3/project3_ws/install/project3_pkg/lib/pkgconfig/project3_pkg.pc'
[20.089s] Level 1:colcon.colcon_core.environment:checking '/home/chase/CSCE452_Project3/project3_ws/install/project3_pkg/lib/python3.8/site-packages'
[20.089s] Level 1:colcon.colcon_core.shell:create_environment_hook('project3_pkg', 'pythonpath')
[20.092s] INFO:colcon.colcon_core.shell:Creating environment hook '/home/chase/CSCE452_Project3/project3_ws/install/project3_pkg/share/project3_pkg/hook/pythonpath.ps1'
[20.103s] INFO:colcon.colcon_core.shell:Creating environment descriptor '/home/chase/CSCE452_Project3/project3_ws/install/project3_pkg/share/project3_pkg/hook/pythonpath.dsv'
[20.105s] INFO:colcon.colcon_core.shell:Creating environment hook '/home/chase/CSCE452_Project3/project3_ws/install/project3_pkg/share/project3_pkg/hook/pythonpath.sh'
[20.116s] Level 1:colcon.colcon_core.environment:checking '/home/chase/CSCE452_Project3/project3_ws/install/project3_pkg/bin'
[20.116s] Level 1:colcon.colcon_core.environment:create_environment_scripts_only(project3_pkg)
[20.119s] INFO:colcon.colcon_core.shell:Creating package script '/home/chase/CSCE452_Project3/project3_ws/install/project3_pkg/share/project3_pkg/package.ps1'
[20.139s] INFO:colcon.colcon_core.shell:Creating package descriptor '/home/chase/CSCE452_Project3/project3_ws/install/project3_pkg/share/project3_pkg/package.dsv'
[20.141s] INFO:colcon.colcon_core.shell:Creating package script '/home/chase/CSCE452_Project3/project3_ws/install/project3_pkg/share/project3_pkg/package.sh'
[20.150s] INFO:colcon.colcon_core.shell:Creating package script '/home/chase/CSCE452_Project3/project3_ws/install/project3_pkg/share/project3_pkg/package.bash'
[20.153s] INFO:colcon.colcon_core.shell:Creating package script '/home/chase/CSCE452_Project3/project3_ws/install/project3_pkg/share/project3_pkg/package.zsh'
[20.157s] Level 1:colcon.colcon_core.environment:create_file_with_runtime_dependencies(/home/chase/CSCE452_Project3/project3_ws/install/project3_pkg/share/colcon-core/packages/project3_pkg)
[20.165s] DEBUG:colcon.colcon_parallel_executor.executor.parallel:closing loop
[20.165s] DEBUG:colcon.colcon_parallel_executor.executor.parallel:loop closed
[20.165s] DEBUG:colcon.colcon_parallel_executor.executor.parallel:run_until_complete finished with '0'
[20.165s] DEBUG:colcon.colcon_core.event_reactor:joining thread
[20.290s] INFO:colcon.colcon_core.plugin_system:Skipping extension 'colcon_notification.desktop_notification.terminal_notifier': Not used on non-Darwin systems
[20.290s] INFO:colcon.colcon_core.plugin_system:Skipping extension 'colcon_notification.desktop_notification.win32': Not used on non-Windows systems
[20.290s] INFO:colcon.colcon_notification.desktop_notification:Sending desktop notification using 'notify2'
[20.988s] DEBUG:colcon.colcon_core.event_reactor:joined thread
[20.991s] INFO:colcon.colcon_core.shell:Creating prefix script '/home/chase/CSCE452_Project3/project3_ws/install/local_setup.ps1'
[21.000s] INFO:colcon.colcon_core.shell:Creating prefix util module '/home/chase/CSCE452_Project3/project3_ws/install/_local_setup_util_ps1.py'
[21.015s] INFO:colcon.colcon_core.shell:Creating prefix chain script '/home/chase/CSCE452_Project3/project3_ws/install/setup.ps1'
[21.093s] INFO:colcon.colcon_core.shell:Creating prefix script '/home/chase/CSCE452_Project3/project3_ws/install/local_setup.sh'
[21.096s] INFO:colcon.colcon_core.shell:Creating prefix util module '/home/chase/CSCE452_Project3/project3_ws/install/_local_setup_util_sh.py'
[21.097s] INFO:colcon.colcon_core.shell:Creating prefix chain script '/home/chase/CSCE452_Project3/project3_ws/install/setup.sh'
[21.157s] INFO:colcon.colcon_core.shell:Creating prefix script '/home/chase/CSCE452_Project3/project3_ws/install/local_setup.bash'
[21.178s] INFO:colcon.colcon_core.shell:Creating prefix chain script '/home/chase/CSCE452_Project3/project3_ws/install/setup.bash'
[21.240s] INFO:colcon.colcon_core.shell:Creating prefix script '/home/chase/CSCE452_Project3/project3_ws/install/local_setup.zsh'
[21.251s] INFO:colcon.colcon_core.shell:Creating prefix chain script '/home/chase/CSCE452_Project3/project3_ws/install/setup.zsh'
