[1.902s] DEBUG:colcon:Command line arguments: ['/usr/bin/colcon', 'build']
[1.902s] DEBUG:colcon:Parsed command line arguments: Namespace(allow_overriding=[], ament_cmake_args=None, base_paths=['.'], build_base='build', catkin_cmake_args=None, catkin_skip_building_tests=False, cmake_args=None, cmake_clean_cache=False, cmake_clean_first=False, cmake_force_configure=False, cmake_target=None, cmake_target_skip_unavailable=False, continue_on_error=False, event_handlers=None, executor='parallel', ignore_user_meta=False, install_base='install', log_base=None, log_level=None, main=<bound method BuildVerb.main of <colcon_core.verb.build.BuildVerb object at 0x7f0003ac6760>>, merge_install=False, metas=['./colcon.meta'], packages_above=None, packages_above_and_dependencies=None, packages_above_depth=None, packages_end=None, packages_ignore=None, packages_ignore_regex=None, packages_select=None, packages_select_build_failed=False, packages_select_by_dep=None, packages_select_regex=None, packages_select_test_failures=False, packages_skip=None, packages_skip_build_finished=False, packages_skip_by_dep=None, packages_skip_regex=None, packages_skip_test_passed=False, packages_skip_up_to=None, packages_start=None, packages_up_to=None, packages_up_to_regex=None, parallel_workers=1, paths=None, symlink_install=False, test_result_base=None, verb_extension=<colcon_core.verb.build.BuildVerb object at 0x7f0003ac6760>, verb_name='build', verb_parser=<colcon_defaults.argument_parser.defaults.DefaultArgumentsDecorator object at 0x7f0003ac6ca0>)
[2.123s] Level 1:colcon.colcon_core.package_discovery:discover_packages(colcon_meta) check parameters
[2.123s] Level 1:colcon.colcon_core.package_discovery:discover_packages(recursive) check parameters
[2.124s] Level 1:colcon.colcon_core.package_discovery:discover_packages(ignore) check parameters
[2.124s] Level 1:colcon.colcon_core.package_discovery:discover_packages(path) check parameters
[2.124s] Level 1:colcon.colcon_core.package_discovery:discover_packages(colcon_meta) discover
[2.124s] Level 1:colcon.colcon_core.package_discovery:discover_packages(recursive) discover
[2.124s] INFO:colcon.colcon_core.package_discovery:Crawling recursively for packages in '/home/chase/CSCE452_Project3/project3_ws'
[2.124s] Level 1:colcon.colcon_core.package_identification:_identify(.) by extensions ['ignore', 'ignore_ament_install']
[2.124s] Level 1:colcon.colcon_core.package_identification:_identify(.) by extension 'ignore'
[2.124s] Level 1:colcon.colcon_core.package_identification:_identify(.) by extension 'ignore_ament_install'
[2.124s] Level 1:colcon.colcon_core.package_identification:_identify(.) by extensions ['colcon_pkg']
[2.124s] Level 1:colcon.colcon_core.package_identification:_identify(.) by extension 'colcon_pkg'
[2.124s] Level 1:colcon.colcon_core.package_identification:_identify(.) by extensions ['colcon_meta']
[2.124s] Level 1:colcon.colcon_core.package_identification:_identify(.) by extension 'colcon_meta'
[2.124s] Level 1:colcon.colcon_core.package_identification:_identify(.) by extensions ['ros']
[2.124s] Level 1:colcon.colcon_core.package_identification:_identify(.) by extension 'ros'
[2.172s] Level 1:colcon.colcon_core.package_identification:_identify(.) by extensions ['cmake', 'python']
[2.172s] Level 1:colcon.colcon_core.package_identification:_identify(.) by extension 'cmake'
[2.172s] Level 1:colcon.colcon_core.package_identification:_identify(.) by extension 'python'
[2.172s] Level 1:colcon.colcon_core.package_identification:_identify(.) by extensions ['python_setup_py']
[2.172s] Level 1:colcon.colcon_core.package_identification:_identify(.) by extension 'python_setup_py'
[2.172s] Level 1:colcon.colcon_core.package_identification:_identify(bags) by extensions ['ignore', 'ignore_ament_install']
[2.172s] Level 1:colcon.colcon_core.package_identification:_identify(bags) by extension 'ignore'
[2.172s] Level 1:colcon.colcon_core.package_identification:_identify(bags) by extension 'ignore_ament_install'
[2.173s] Level 1:colcon.colcon_core.package_identification:_identify(bags) by extensions ['colcon_pkg']
[2.173s] Level 1:colcon.colcon_core.package_identification:_identify(bags) by extension 'colcon_pkg'
[2.173s] Level 1:colcon.colcon_core.package_identification:_identify(bags) by extensions ['colcon_meta']
[2.173s] Level 1:colcon.colcon_core.package_identification:_identify(bags) by extension 'colcon_meta'
[2.173s] Level 1:colcon.colcon_core.package_identification:_identify(bags) by extensions ['ros']
[2.173s] Level 1:colcon.colcon_core.package_identification:_identify(bags) by extension 'ros'
[2.173s] Level 1:colcon.colcon_core.package_identification:_identify(bags) by extensions ['cmake', 'python']
[2.173s] Level 1:colcon.colcon_core.package_identification:_identify(bags) by extension 'cmake'
[2.173s] Level 1:colcon.colcon_core.package_identification:_identify(bags) by extension 'python'
[2.173s] Level 1:colcon.colcon_core.package_identification:_identify(bags) by extensions ['python_setup_py']
[2.173s] Level 1:colcon.colcon_core.package_identification:_identify(bags) by extension 'python_setup_py'
[2.173s] Level 1:colcon.colcon_core.package_identification:_identify(bags/example1) by extensions ['ignore', 'ignore_ament_install']
[2.173s] Level 1:colcon.colcon_core.package_identification:_identify(bags/example1) by extension 'ignore'
[2.173s] Level 1:colcon.colcon_core.package_identification:_identify(bags/example1) by extension 'ignore_ament_install'
[2.173s] Level 1:colcon.colcon_core.package_identification:_identify(bags/example1) by extensions ['colcon_pkg']
[2.173s] Level 1:colcon.colcon_core.package_identification:_identify(bags/example1) by extension 'colcon_pkg'
[2.173s] Level 1:colcon.colcon_core.package_identification:_identify(bags/example1) by extensions ['colcon_meta']
[2.173s] Level 1:colcon.colcon_core.package_identification:_identify(bags/example1) by extension 'colcon_meta'
[2.174s] Level 1:colcon.colcon_core.package_identification:_identify(bags/example1) by extensions ['ros']
[2.174s] Level 1:colcon.colcon_core.package_identification:_identify(bags/example1) by extension 'ros'
[2.174s] Level 1:colcon.colcon_core.package_identification:_identify(bags/example1) by extensions ['cmake', 'python']
[2.174s] Level 1:colcon.colcon_core.package_identification:_identify(bags/example1) by extension 'cmake'
[2.174s] Level 1:colcon.colcon_core.package_identification:_identify(bags/example1) by extension 'python'
[2.174s] Level 1:colcon.colcon_core.package_identification:_identify(bags/example1) by extensions ['python_setup_py']
[2.174s] Level 1:colcon.colcon_core.package_identification:_identify(bags/example1) by extension 'python_setup_py'
[2.174s] Level 1:colcon.colcon_core.package_identification:_identify(bags/example2) by extensions ['ignore', 'ignore_ament_install']
[2.174s] Level 1:colcon.colcon_core.package_identification:_identify(bags/example2) by extension 'ignore'
[2.174s] Level 1:colcon.colcon_core.package_identification:_identify(bags/example2) by extension 'ignore_ament_install'
[2.174s] Level 1:colcon.colcon_core.package_identification:_identify(bags/example2) by extensions ['colcon_pkg']
[2.174s] Level 1:colcon.colcon_core.package_identification:_identify(bags/example2) by extension 'colcon_pkg'
[2.174s] Level 1:colcon.colcon_core.package_identification:_identify(bags/example2) by extensions ['colcon_meta']
[2.174s] Level 1:colcon.colcon_core.package_identification:_identify(bags/example2) by extension 'colcon_meta'
[2.174s] Level 1:colcon.colcon_core.package_identification:_identify(bags/example2) by extensions ['ros']
[2.174s] Level 1:colcon.colcon_core.package_identification:_identify(bags/example2) by extension 'ros'
[2.175s] Level 1:colcon.colcon_core.package_identification:_identify(bags/example2) by extensions ['cmake', 'python']
[2.175s] Level 1:colcon.colcon_core.package_identification:_identify(bags/example2) by extension 'cmake'
[2.175s] Level 1:colcon.colcon_core.package_identification:_identify(bags/example2) by extension 'python'
[2.175s] Level 1:colcon.colcon_core.package_identification:_identify(bags/example2) by extensions ['python_setup_py']
[2.175s] Level 1:colcon.colcon_core.package_identification:_identify(bags/example2) by extension 'python_setup_py'
[2.175s] Level 1:colcon.colcon_core.package_identification:_identify(bags/example3) by extensions ['ignore', 'ignore_ament_install']
[2.175s] Level 1:colcon.colcon_core.package_identification:_identify(bags/example3) by extension 'ignore'
[2.175s] Level 1:colcon.colcon_core.package_identification:_identify(bags/example3) by extension 'ignore_ament_install'
[2.175s] Level 1:colcon.colcon_core.package_identification:_identify(bags/example3) by extensions ['colcon_pkg']
[2.175s] Level 1:colcon.colcon_core.package_identification:_identify(bags/example3) by extension 'colcon_pkg'
[2.175s] Level 1:colcon.colcon_core.package_identification:_identify(bags/example3) by extensions ['colcon_meta']
[2.175s] Level 1:colcon.colcon_core.package_identification:_identify(bags/example3) by extension 'colcon_meta'
[2.175s] Level 1:colcon.colcon_core.package_identification:_identify(bags/example3) by extensions ['ros']
[2.175s] Level 1:colcon.colcon_core.package_identification:_identify(bags/example3) by extension 'ros'
[2.175s] Level 1:colcon.colcon_core.package_identification:_identify(bags/example3) by extensions ['cmake', 'python']
[2.175s] Level 1:colcon.colcon_core.package_identification:_identify(bags/example3) by extension 'cmake'
[2.175s] Level 1:colcon.colcon_core.package_identification:_identify(bags/example3) by extension 'python'
[2.175s] Level 1:colcon.colcon_core.package_identification:_identify(bags/example3) by extensions ['python_setup_py']
[2.176s] Level 1:colcon.colcon_core.package_identification:_identify(bags/example3) by extension 'python_setup_py'
[2.176s] Level 1:colcon.colcon_core.package_identification:_identify(bags/example4) by extensions ['ignore', 'ignore_ament_install']
[2.176s] Level 1:colcon.colcon_core.package_identification:_identify(bags/example4) by extension 'ignore'
[2.176s] Level 1:colcon.colcon_core.package_identification:_identify(bags/example4) by extension 'ignore_ament_install'
[2.176s] Level 1:colcon.colcon_core.package_identification:_identify(bags/example4) by extensions ['colcon_pkg']
[2.176s] Level 1:colcon.colcon_core.package_identification:_identify(bags/example4) by extension 'colcon_pkg'
[2.176s] Level 1:colcon.colcon_core.package_identification:_identify(bags/example4) by extensions ['colcon_meta']
[2.176s] Level 1:colcon.colcon_core.package_identification:_identify(bags/example4) by extension 'colcon_meta'
[2.176s] Level 1:colcon.colcon_core.package_identification:_identify(bags/example4) by extensions ['ros']
[2.177s] Level 1:colcon.colcon_core.package_identification:_identify(bags/example4) by extension 'ros'
[2.177s] Level 1:colcon.colcon_core.package_identification:_identify(bags/example4) by extensions ['cmake', 'python']
[2.177s] Level 1:colcon.colcon_core.package_identification:_identify(bags/example4) by extension 'cmake'
[2.177s] Level 1:colcon.colcon_core.package_identification:_identify(bags/example4) by extension 'python'
[2.177s] Level 1:colcon.colcon_core.package_identification:_identify(bags/example4) by extensions ['python_setup_py']
[2.177s] Level 1:colcon.colcon_core.package_identification:_identify(bags/example4) by extension 'python_setup_py'
[2.177s] Level 1:colcon.colcon_core.package_identification:_identify(bags/example5) by extensions ['ignore', 'ignore_ament_install']
[2.177s] Level 1:colcon.colcon_core.package_identification:_identify(bags/example5) by extension 'ignore'
[2.177s] Level 1:colcon.colcon_core.package_identification:_identify(bags/example5) by extension 'ignore_ament_install'
[2.177s] Level 1:colcon.colcon_core.package_identification:_identify(bags/example5) by extensions ['colcon_pkg']
[2.177s] Level 1:colcon.colcon_core.package_identification:_identify(bags/example5) by extension 'colcon_pkg'
[2.177s] Level 1:colcon.colcon_core.package_identification:_identify(bags/example5) by extensions ['colcon_meta']
[2.177s] Level 1:colcon.colcon_core.package_identification:_identify(bags/example5) by extension 'colcon_meta'
[2.178s] Level 1:colcon.colcon_core.package_identification:_identify(bags/example5) by extensions ['ros']
[2.178s] Level 1:colcon.colcon_core.package_identification:_identify(bags/example5) by extension 'ros'
[2.178s] Level 1:colcon.colcon_core.package_identification:_identify(bags/example5) by extensions ['cmake', 'python']
[2.178s] Level 1:colcon.colcon_core.package_identification:_identify(bags/example5) by extension 'cmake'
[2.178s] Level 1:colcon.colcon_core.package_identification:_identify(bags/example5) by extension 'python'
[2.178s] Level 1:colcon.colcon_core.package_identification:_identify(bags/example5) by extensions ['python_setup_py']
[2.178s] Level 1:colcon.colcon_core.package_identification:_identify(bags/example5) by extension 'python_setup_py'
[2.178s] Level 1:colcon.colcon_core.package_identification:_identify(bags/example6) by extensions ['ignore', 'ignore_ament_install']
[2.178s] Level 1:colcon.colcon_core.package_identification:_identify(bags/example6) by extension 'ignore'
[2.178s] Level 1:colcon.colcon_core.package_identification:_identify(bags/example6) by extension 'ignore_ament_install'
[2.178s] Level 1:colcon.colcon_core.package_identification:_identify(bags/example6) by extensions ['colcon_pkg']
[2.178s] Level 1:colcon.colcon_core.package_identification:_identify(bags/example6) by extension 'colcon_pkg'
[2.178s] Level 1:colcon.colcon_core.package_identification:_identify(bags/example6) by extensions ['colcon_meta']
[2.178s] Level 1:colcon.colcon_core.package_identification:_identify(bags/example6) by extension 'colcon_meta'
[2.178s] Level 1:colcon.colcon_core.package_identification:_identify(bags/example6) by extensions ['ros']
[2.178s] Level 1:colcon.colcon_core.package_identification:_identify(bags/example6) by extension 'ros'
[2.187s] Level 1:colcon.colcon_core.package_identification:_identify(bags/example6) by extensions ['cmake', 'python']
[2.187s] Level 1:colcon.colcon_core.package_identification:_identify(bags/example6) by extension 'cmake'
[2.187s] Level 1:colcon.colcon_core.package_identification:_identify(bags/example6) by extension 'python'
[2.187s] Level 1:colcon.colcon_core.package_identification:_identify(bags/example6) by extensions ['python_setup_py']
[2.187s] Level 1:colcon.colcon_core.package_identification:_identify(bags/example6) by extension 'python_setup_py'
[2.188s] Level 1:colcon.colcon_core.package_identification:_identify(bags/example7) by extensions ['ignore', 'ignore_ament_install']
[2.188s] Level 1:colcon.colcon_core.package_identification:_identify(bags/example7) by extension 'ignore'
[2.188s] Level 1:colcon.colcon_core.package_identification:_identify(bags/example7) by extension 'ignore_ament_install'
[2.188s] Level 1:colcon.colcon_core.package_identification:_identify(bags/example7) by extensions ['colcon_pkg']
[2.188s] Level 1:colcon.colcon_core.package_identification:_identify(bags/example7) by extension 'colcon_pkg'
[2.188s] Level 1:colcon.colcon_core.package_identification:_identify(bags/example7) by extensions ['colcon_meta']
[2.188s] Level 1:colcon.colcon_core.package_identification:_identify(bags/example7) by extension 'colcon_meta'
[2.188s] Level 1:colcon.colcon_core.package_identification:_identify(bags/example7) by extensions ['ros']
[2.188s] Level 1:colcon.colcon_core.package_identification:_identify(bags/example7) by extension 'ros'
[2.188s] Level 1:colcon.colcon_core.package_identification:_identify(bags/example7) by extensions ['cmake', 'python']
[2.188s] Level 1:colcon.colcon_core.package_identification:_identify(bags/example7) by extension 'cmake'
[2.188s] Level 1:colcon.colcon_core.package_identification:_identify(bags/example7) by extension 'python'
[2.188s] Level 1:colcon.colcon_core.package_identification:_identify(bags/example7) by extensions ['python_setup_py']
[2.188s] Level 1:colcon.colcon_core.package_identification:_identify(bags/example7) by extension 'python_setup_py'
[2.188s] Level 1:colcon.colcon_core.package_identification:_identify(bags/example8) by extensions ['ignore', 'ignore_ament_install']
[2.189s] Level 1:colcon.colcon_core.package_identification:_identify(bags/example8) by extension 'ignore'
[2.189s] Level 1:colcon.colcon_core.package_identification:_identify(bags/example8) by extension 'ignore_ament_install'
[2.189s] Level 1:colcon.colcon_core.package_identification:_identify(bags/example8) by extensions ['colcon_pkg']
[2.189s] Level 1:colcon.colcon_core.package_identification:_identify(bags/example8) by extension 'colcon_pkg'
[2.189s] Level 1:colcon.colcon_core.package_identification:_identify(bags/example8) by extensions ['colcon_meta']
[2.189s] Level 1:colcon.colcon_core.package_identification:_identify(bags/example8) by extension 'colcon_meta'
[2.189s] Level 1:colcon.colcon_core.package_identification:_identify(bags/example8) by extensions ['ros']
[2.189s] Level 1:colcon.colcon_core.package_identification:_identify(bags/example8) by extension 'ros'
[2.189s] Level 1:colcon.colcon_core.package_identification:_identify(bags/example8) by extensions ['cmake', 'python']
[2.189s] Level 1:colcon.colcon_core.package_identification:_identify(bags/example8) by extension 'cmake'
[2.189s] Level 1:colcon.colcon_core.package_identification:_identify(bags/example8) by extension 'python'
[2.198s] Level 1:colcon.colcon_core.package_identification:_identify(bags/example8) by extensions ['python_setup_py']
[2.198s] Level 1:colcon.colcon_core.package_identification:_identify(bags/example8) by extension 'python_setup_py'
[2.199s] Level 1:colcon.colcon_core.package_identification:_identify(bags/example9) by extensions ['ignore', 'ignore_ament_install']
[2.199s] Level 1:colcon.colcon_core.package_identification:_identify(bags/example9) by extension 'ignore'
[2.199s] Level 1:colcon.colcon_core.package_identification:_identify(bags/example9) by extension 'ignore_ament_install'
[2.199s] Level 1:colcon.colcon_core.package_identification:_identify(bags/example9) by extensions ['colcon_pkg']
[2.199s] Level 1:colcon.colcon_core.package_identification:_identify(bags/example9) by extension 'colcon_pkg'
[2.199s] Level 1:colcon.colcon_core.package_identification:_identify(bags/example9) by extensions ['colcon_meta']
[2.199s] Level 1:colcon.colcon_core.package_identification:_identify(bags/example9) by extension 'colcon_meta'
[2.199s] Level 1:colcon.colcon_core.package_identification:_identify(bags/example9) by extensions ['ros']
[2.199s] Level 1:colcon.colcon_core.package_identification:_identify(bags/example9) by extension 'ros'
[2.199s] Level 1:colcon.colcon_core.package_identification:_identify(bags/example9) by extensions ['cmake', 'python']
[2.199s] Level 1:colcon.colcon_core.package_identification:_identify(bags/example9) by extension 'cmake'
[2.199s] Level 1:colcon.colcon_core.package_identification:_identify(bags/example9) by extension 'python'
[2.199s] Level 1:colcon.colcon_core.package_identification:_identify(bags/example9) by extensions ['python_setup_py']
[2.199s] Level 1:colcon.colcon_core.package_identification:_identify(bags/example9) by extension 'python_setup_py'
[2.199s] Level 1:colcon.colcon_core.package_identification:_identify(build) by extensions ['ignore', 'ignore_ament_install']
[2.199s] Level 1:colcon.colcon_core.package_identification:_identify(build) by extension 'ignore'
[2.199s] Level 1:colcon.colcon_core.package_identification:_identify(build) ignored
[2.200s] Level 1:colcon.colcon_core.package_identification:_identify(example4_out.db3) by extensions ['ignore', 'ignore_ament_install']
[2.200s] Level 1:colcon.colcon_core.package_identification:_identify(example4_out.db3) by extension 'ignore'
[2.200s] Level 1:colcon.colcon_core.package_identification:_identify(example4_out.db3) by extension 'ignore_ament_install'
[2.210s] Level 1:colcon.colcon_core.package_identification:_identify(example4_out.db3) by extensions ['colcon_pkg']
[2.210s] Level 1:colcon.colcon_core.package_identification:_identify(example4_out.db3) by extension 'colcon_pkg'
[2.210s] Level 1:colcon.colcon_core.package_identification:_identify(example4_out.db3) by extensions ['colcon_meta']
[2.210s] Level 1:colcon.colcon_core.package_identification:_identify(example4_out.db3) by extension 'colcon_meta'
[2.210s] Level 1:colcon.colcon_core.package_identification:_identify(example4_out.db3) by extensions ['ros']
[2.210s] Level 1:colcon.colcon_core.package_identification:_identify(example4_out.db3) by extension 'ros'
[2.210s] Level 1:colcon.colcon_core.package_identification:_identify(example4_out.db3) by extensions ['cmake', 'python']
[2.210s] Level 1:colcon.colcon_core.package_identification:_identify(example4_out.db3) by extension 'cmake'
[2.210s] Level 1:colcon.colcon_core.package_identification:_identify(example4_out.db3) by extension 'python'
[2.210s] Level 1:colcon.colcon_core.package_identification:_identify(example4_out.db3) by extensions ['python_setup_py']
[2.210s] Level 1:colcon.colcon_core.package_identification:_identify(example4_out.db3) by extension 'python_setup_py'
[2.211s] Level 1:colcon.colcon_core.package_identification:_identify(install) by extensions ['ignore', 'ignore_ament_install']
[2.211s] Level 1:colcon.colcon_core.package_identification:_identify(install) by extension 'ignore'
[2.211s] Level 1:colcon.colcon_core.package_identification:_identify(install) ignored
[2.211s] Level 1:colcon.colcon_core.package_identification:_identify(log) by extensions ['ignore', 'ignore_ament_install']
[2.211s] Level 1:colcon.colcon_core.package_identification:_identify(log) by extension 'ignore'
[2.212s] Level 1:colcon.colcon_core.package_identification:_identify(log) ignored
[2.212s] Level 1:colcon.colcon_core.package_identification:_identify(src) by extensions ['ignore', 'ignore_ament_install']
[2.212s] Level 1:colcon.colcon_core.package_identification:_identify(src) by extension 'ignore'
[2.212s] Level 1:colcon.colcon_core.package_identification:_identify(src) by extension 'ignore_ament_install'
[2.212s] Level 1:colcon.colcon_core.package_identification:_identify(src) by extensions ['colcon_pkg']
[2.212s] Level 1:colcon.colcon_core.package_identification:_identify(src) by extension 'colcon_pkg'
[2.212s] Level 1:colcon.colcon_core.package_identification:_identify(src) by extensions ['colcon_meta']
[2.212s] Level 1:colcon.colcon_core.package_identification:_identify(src) by extension 'colcon_meta'
[2.212s] Level 1:colcon.colcon_core.package_identification:_identify(src) by extensions ['ros']
[2.212s] Level 1:colcon.colcon_core.package_identification:_identify(src) by extension 'ros'
[2.212s] Level 1:colcon.colcon_core.package_identification:_identify(src) by extensions ['cmake', 'python']
[2.212s] Level 1:colcon.colcon_core.package_identification:_identify(src) by extension 'cmake'
[2.212s] Level 1:colcon.colcon_core.package_identification:_identify(src) by extension 'python'
[2.212s] Level 1:colcon.colcon_core.package_identification:_identify(src) by extensions ['python_setup_py']
[2.212s] Level 1:colcon.colcon_core.package_identification:_identify(src) by extension 'python_setup_py'
[2.212s] Level 1:colcon.colcon_core.package_identification:_identify(src/project3_pkg) by extensions ['ignore', 'ignore_ament_install']
[2.213s] Level 1:colcon.colcon_core.package_identification:_identify(src/project3_pkg) by extension 'ignore'
[2.213s] Level 1:colcon.colcon_core.package_identification:_identify(src/project3_pkg) by extension 'ignore_ament_install'
[2.213s] Level 1:colcon.colcon_core.package_identification:_identify(src/project3_pkg) by extensions ['colcon_pkg']
[2.213s] Level 1:colcon.colcon_core.package_identification:_identify(src/project3_pkg) by extension 'colcon_pkg'
[2.213s] Level 1:colcon.colcon_core.package_identification:_identify(src/project3_pkg) by extensions ['colcon_meta']
[2.213s] Level 1:colcon.colcon_core.package_identification:_identify(src/project3_pkg) by extension 'colcon_meta'
[2.213s] Level 1:colcon.colcon_core.package_identification:_identify(src/project3_pkg) by extensions ['ros']
[2.213s] Level 1:colcon.colcon_core.package_identification:_identify(src/project3_pkg) by extension 'ros'
[2.216s] DEBUG:colcon.colcon_core.package_identification:Package 'src/project3_pkg' with type 'ros.ament_python' and name 'project3_pkg'
[2.216s] Level 1:colcon.colcon_core.package_discovery:discover_packages(recursive) using defaults
[2.216s] Level 1:colcon.colcon_core.package_discovery:discover_packages(ignore) discover
[2.216s] Level 1:colcon.colcon_core.package_discovery:discover_packages(ignore) using defaults
[2.216s] Level 1:colcon.colcon_core.package_discovery:discover_packages(path) discover
[2.216s] Level 1:colcon.colcon_core.package_discovery:discover_packages(path) using defaults
[2.369s] Level 1:colcon.colcon_core.package_discovery:discover_packages(prefix_path) check parameters
[2.369s] Level 1:colcon.colcon_core.package_discovery:discover_packages(prefix_path) discover
[2.414s] DEBUG:colcon.colcon_installed_package_information.package_discovery:Found 1 installed packages in /home/chase/CSCE452_Project3/project3_ws/install
[2.453s] DEBUG:colcon.colcon_installed_package_information.package_discovery:Found 325 installed packages in /home/chase/ros2_humble/install
[2.456s] Level 1:colcon.colcon_core.package_discovery:discover_packages(prefix_path) using defaults
[2.552s] Level 5:colcon.colcon_core.verb:set package 'project3_pkg' build argument 'cmake_args' from command line to 'None'
[2.552s] Level 5:colcon.colcon_core.verb:set package 'project3_pkg' build argument 'cmake_target' from command line to 'None'
[2.552s] Level 5:colcon.colcon_core.verb:set package 'project3_pkg' build argument 'cmake_target_skip_unavailable' from command line to 'False'
[2.552s] Level 5:colcon.colcon_core.verb:set package 'project3_pkg' build argument 'cmake_clean_cache' from command line to 'False'
[2.552s] Level 5:colcon.colcon_core.verb:set package 'project3_pkg' build argument 'cmake_clean_first' from command line to 'False'
[2.552s] Level 5:colcon.colcon_core.verb:set package 'project3_pkg' build argument 'cmake_force_configure' from command line to 'False'
[2.552s] Level 5:colcon.colcon_core.verb:set package 'project3_pkg' build argument 'ament_cmake_args' from command line to 'None'
[2.552s] Level 5:colcon.colcon_core.verb:set package 'project3_pkg' build argument 'catkin_cmake_args' from command line to 'None'
[2.552s] Level 5:colcon.colcon_core.verb:set package 'project3_pkg' build argument 'catkin_skip_building_tests' from command line to 'False'
[2.552s] DEBUG:colcon.colcon_core.verb:Building package 'project3_pkg' with the following arguments: {'ament_cmake_args': None, 'build_base': '/home/chase/CSCE452_Project3/project3_ws/build/project3_pkg', 'catkin_cmake_args': None, 'catkin_skip_building_tests': False, 'cmake_args': None, 'cmake_clean_cache': False, 'cmake_clean_first': False, 'cmake_force_configure': False, 'cmake_target': None, 'cmake_target_skip_unavailable': False, 'install_base': '/home/chase/CSCE452_Project3/project3_ws/install/project3_pkg', 'merge_install': False, 'path': '/home/chase/CSCE452_Project3/project3_ws/src/project3_pkg', 'symlink_install': False, 'test_result_base': None}
[2.553s] INFO:colcon.colcon_core.executor:Executing jobs using 'parallel' executor
[2.579s] DEBUG:colcon.colcon_parallel_executor.executor.parallel:run_until_complete
[2.579s] INFO:colcon.colcon_ros.task.ament_python.build:Building ROS package in '/home/chase/CSCE452_Project3/project3_ws/src/project3_pkg' with build type 'ament_python'
[2.579s] Level 1:colcon.colcon_core.shell:create_environment_hook('project3_pkg', 'ament_prefix_path')
[2.592s] INFO:colcon.colcon_core.plugin_system:Skipping extension 'colcon_core.shell.bat': Not used on non-Windows systems
[2.592s] INFO:colcon.colcon_core.shell:Creating environment hook '/home/chase/CSCE452_Project3/project3_ws/install/project3_pkg/share/project3_pkg/hook/ament_prefix_path.ps1'
[2.607s] INFO:colcon.colcon_core.shell:Creating environment descriptor '/home/chase/CSCE452_Project3/project3_ws/install/project3_pkg/share/project3_pkg/hook/ament_prefix_path.dsv'
[2.621s] INFO:colcon.colcon_core.shell:Creating environment hook '/home/chase/CSCE452_Project3/project3_ws/install/project3_pkg/share/project3_pkg/hook/ament_prefix_path.sh'
[2.625s] INFO:colcon.colcon_core.shell:Skip shell extension 'powershell' for command environment: Not usable outside of PowerShell
[2.626s] DEBUG:colcon.colcon_core.shell:Skip shell extension 'dsv' for command environment
[5.562s] INFO:colcon.colcon_core.task.python.build:Building Python package in '/home/chase/CSCE452_Project3/project3_ws/src/project3_pkg'
[5.565s] INFO:colcon.colcon_core.shell:Skip shell extension 'powershell' for command environment: Not usable outside of PowerShell
[5.586s] DEBUG:colcon.colcon_core.shell:Skip shell extension 'dsv' for command environment
[9.412s] DEBUG:colcon.colcon_core.event_handler.log_command:Invoking command in '/home/chase/CSCE452_Project3/project3_ws/src/project3_pkg': PYTHONPATH=/home/chase/CSCE452_Project3/project3_ws/build/project3_pkg/prefix_override:/home/chase/CSCE452_Project3/project3_ws/install/project3_pkg/lib/python3.8/site-packages:${PYTHONPATH} /usr/bin/python3 setup.py egg_info --egg-base ../../build/project3_pkg build --build-base /home/chase/CSCE452_Project3/project3_ws/build/project3_pkg/build install --record /home/chase/CSCE452_Project3/project3_ws/build/project3_pkg/install.log --single-version-externally-managed
[13.864s] DEBUG:colcon.colcon_core.event_handler.log_command:Invoked command in '/home/chase/CSCE452_Project3/project3_ws/src/project3_pkg' returned '0': PYTHONPATH=/home/chase/CSCE452_Project3/project3_ws/build/project3_pkg/prefix_override:/home/chase/CSCE452_Project3/project3_ws/install/project3_pkg/lib/python3.8/site-packages:${PYTHONPATH} /usr/bin/python3 setup.py egg_info --egg-base ../../build/project3_pkg build --build-base /home/chase/CSCE452_Project3/project3_ws/build/project3_pkg/build install --record /home/chase/CSCE452_Project3/project3_ws/build/project3_pkg/install.log --single-version-externally-managed
[13.901s] Level 1:colcon.colcon_core.environment:checking '/home/chase/CSCE452_Project3/project3_ws/install/project3_pkg' for CMake module files
[13.901s] Level 1:colcon.colcon_core.environment:checking '/home/chase/CSCE452_Project3/project3_ws/install/project3_pkg' for CMake config files
[13.902s] Level 1:colcon.colcon_core.environment:checking '/home/chase/CSCE452_Project3/project3_ws/install/project3_pkg/lib'
[13.902s] Level 1:colcon.colcon_core.environment:checking '/home/chase/CSCE452_Project3/project3_ws/install/project3_pkg/bin'
[13.902s] Level 1:colcon.colcon_core.environment:checking '/home/chase/CSCE452_Project3/project3_ws/install/project3_pkg/lib/pkgconfig/project3_pkg.pc'
[13.903s] Level 1:colcon.colcon_core.environment:checking '/home/chase/CSCE452_Project3/project3_ws/install/project3_pkg/lib/python3.8/site-packages'
[13.903s] Level 1:colcon.colcon_core.shell:create_environment_hook('project3_pkg', 'pythonpath')
[13.905s] INFO:colcon.colcon_core.shell:Creating environment hook '/home/chase/CSCE452_Project3/project3_ws/install/project3_pkg/share/project3_pkg/hook/pythonpath.ps1'
[13.922s] INFO:colcon.colcon_core.shell:Creating environment descriptor '/home/chase/CSCE452_Project3/project3_ws/install/project3_pkg/share/project3_pkg/hook/pythonpath.dsv'
[13.942s] INFO:colcon.colcon_core.shell:Creating environment hook '/home/chase/CSCE452_Project3/project3_ws/install/project3_pkg/share/project3_pkg/hook/pythonpath.sh'
[13.943s] Level 1:colcon.colcon_core.environment:checking '/home/chase/CSCE452_Project3/project3_ws/install/project3_pkg/bin'
[13.943s] Level 1:colcon.colcon_core.environment:create_environment_scripts_only(project3_pkg)
[13.946s] INFO:colcon.colcon_core.shell:Creating package script '/home/chase/CSCE452_Project3/project3_ws/install/project3_pkg/share/project3_pkg/package.ps1'
[13.956s] INFO:colcon.colcon_core.shell:Creating package descriptor '/home/chase/CSCE452_Project3/project3_ws/install/project3_pkg/share/project3_pkg/package.dsv'
[13.963s] INFO:colcon.colcon_core.shell:Creating package script '/home/chase/CSCE452_Project3/project3_ws/install/project3_pkg/share/project3_pkg/package.sh'
[13.975s] INFO:colcon.colcon_core.shell:Creating package script '/home/chase/CSCE452_Project3/project3_ws/install/project3_pkg/share/project3_pkg/package.bash'
[13.978s] INFO:colcon.colcon_core.shell:Creating package script '/home/chase/CSCE452_Project3/project3_ws/install/project3_pkg/share/project3_pkg/package.zsh'
[13.989s] Level 1:colcon.colcon_core.environment:create_file_with_runtime_dependencies(/home/chase/CSCE452_Project3/project3_ws/install/project3_pkg/share/colcon-core/packages/project3_pkg)
[13.991s] DEBUG:colcon.colcon_parallel_executor.executor.parallel:closing loop
[13.991s] DEBUG:colcon.colcon_parallel_executor.executor.parallel:loop closed
[13.991s] DEBUG:colcon.colcon_parallel_executor.executor.parallel:run_until_complete finished with '0'
[13.991s] DEBUG:colcon.colcon_core.event_reactor:joining thread
[14.066s] INFO:colcon.colcon_core.plugin_system:Skipping extension 'colcon_notification.desktop_notification.terminal_notifier': Not used on non-Darwin systems
[14.066s] INFO:colcon.colcon_core.plugin_system:Skipping extension 'colcon_notification.desktop_notification.win32': Not used on non-Windows systems
[14.066s] INFO:colcon.colcon_notification.desktop_notification:Sending desktop notification using 'notify2'
[14.275s] DEBUG:colcon.colcon_core.event_reactor:joined thread
[14.278s] INFO:colcon.colcon_core.shell:Creating prefix script '/home/chase/CSCE452_Project3/project3_ws/install/local_setup.ps1'
[14.294s] INFO:colcon.colcon_core.shell:Creating prefix util module '/home/chase/CSCE452_Project3/project3_ws/install/_local_setup_util_ps1.py'
[14.302s] INFO:colcon.colcon_core.shell:Creating prefix chain script '/home/chase/CSCE452_Project3/project3_ws/install/setup.ps1'
[14.369s] INFO:colcon.colcon_core.shell:Creating prefix script '/home/chase/CSCE452_Project3/project3_ws/install/local_setup.sh'
[14.371s] INFO:colcon.colcon_core.shell:Creating prefix util module '/home/chase/CSCE452_Project3/project3_ws/install/_local_setup_util_sh.py'
[14.391s] INFO:colcon.colcon_core.shell:Creating prefix chain script '/home/chase/CSCE452_Project3/project3_ws/install/setup.sh'
[14.433s] INFO:colcon.colcon_core.shell:Creating prefix script '/home/chase/CSCE452_Project3/project3_ws/install/local_setup.bash'
[14.438s] INFO:colcon.colcon_core.shell:Creating prefix chain script '/home/chase/CSCE452_Project3/project3_ws/install/setup.bash'
[14.506s] INFO:colcon.colcon_core.shell:Creating prefix script '/home/chase/CSCE452_Project3/project3_ws/install/local_setup.zsh'
[14.507s] INFO:colcon.colcon_core.shell:Creating prefix chain script '/home/chase/CSCE452_Project3/project3_ws/install/setup.zsh'
