[1.720s] Invoking command in '/home/aaron/project/CSCE452_Project3/project3_ws/src/project3_pkg': PYTHONPATH=/home/aaron/project/CSCE452_Project3/project3_ws/build/project3_pkg/prefix_override:/home/aaron/project/CSCE452_Project3/project3_ws/install/project3_pkg/lib/python3.10/site-packages:${PYTHONPATH} /usr/bin/python3 setup.py egg_info --egg-base ../../build/project3_pkg build --build-base /home/aaron/project/CSCE452_Project3/project3_ws/build/project3_pkg/build install --record /home/aaron/project/CSCE452_Project3/project3_ws/build/project3_pkg/install.log --single-version-externally-managed
[2.346s] running egg_info
[2.352s] writing ../../build/project3_pkg/project3_pkg.egg-info/PKG-INFO
[2.353s] writing dependency_links to ../../build/project3_pkg/project3_pkg.egg-info/dependency_links.txt
[2.360s] writing entry points to ../../build/project3_pkg/project3_pkg.egg-info/entry_points.txt
[2.363s] writing requirements to ../../build/project3_pkg/project3_pkg.egg-info/requires.txt
[2.363s] writing top-level names to ../../build/project3_pkg/project3_pkg.egg-info/top_level.txt
[2.365s] reading manifest file '../../build/project3_pkg/project3_pkg.egg-info/SOURCES.txt'
[2.369s] writing manifest file '../../build/project3_pkg/project3_pkg.egg-info/SOURCES.txt'
[2.370s] running build
[2.371s] running build_py
[2.372s] copying project3_pkg/laser_scan_to_pointcloud.py -> /home/aaron/project/CSCE452_Project3/project3_ws/build/project3_pkg/build/lib/project3_pkg
[2.372s] copying project3_pkg/peoplecounter.py -> /home/aaron/project/CSCE452_Project3/project3_ws/build/project3_pkg/build/lib/project3_pkg
[2.372s] running install
[2.374s] /usr/lib/python3/dist-packages/setuptools/command/install.py:34: SetuptoolsDeprecationWarning: setup.py install is deprecated. Use build and pip and other standards-based tools.
[2.374s]   warnings.warn(
[2.375s] running install_lib
[2.376s] copying /home/aaron/project/CSCE452_Project3/project3_ws/build/project3_pkg/build/lib/project3_pkg/laser_scan_to_pointcloud.py -> /home/aaron/project/CSCE452_Project3/project3_ws/install/project3_pkg/lib/python3.10/site-packages/project3_pkg
[2.381s] copying /home/aaron/project/CSCE452_Project3/project3_ws/build/project3_pkg/build/lib/project3_pkg/peoplecounter.py -> /home/aaron/project/CSCE452_Project3/project3_ws/install/project3_pkg/lib/python3.10/site-packages/project3_pkg
[2.382s] byte-compiling /home/aaron/project/CSCE452_Project3/project3_ws/install/project3_pkg/lib/python3.10/site-packages/project3_pkg/laser_scan_to_pointcloud.py to laser_scan_to_pointcloud.cpython-310.pyc
[2.383s] byte-compiling /home/aaron/project/CSCE452_Project3/project3_ws/install/project3_pkg/lib/python3.10/site-packages/project3_pkg/peoplecounter.py to peoplecounter.cpython-310.pyc
[2.384s] running install_data
[2.385s] running install_egg_info
[2.393s] removing '/home/aaron/project/CSCE452_Project3/project3_ws/install/project3_pkg/lib/python3.10/site-packages/project3_pkg-0.0.0-py3.10.egg-info' (and everything under it)
[2.394s] Copying ../../build/project3_pkg/project3_pkg.egg-info to /home/aaron/project/CSCE452_Project3/project3_ws/install/project3_pkg/lib/python3.10/site-packages/project3_pkg-0.0.0-py3.10.egg-info
[2.396s] running install_scripts
[2.455s] Installing laser_scan_to_pointcloud script to /home/aaron/project/CSCE452_Project3/project3_ws/install/project3_pkg/lib/project3_pkg
[2.455s] Installing peoplecounter script to /home/aaron/project/CSCE452_Project3/project3_ws/install/project3_pkg/lib/project3_pkg
[2.456s] writing list of installed files to '/home/aaron/project/CSCE452_Project3/project3_ws/build/project3_pkg/install.log'
[2.552s] Invoked command in '/home/aaron/project/CSCE452_Project3/project3_ws/src/project3_pkg' returned '0': PYTHONPATH=/home/aaron/project/CSCE452_Project3/project3_ws/build/project3_pkg/prefix_override:/home/aaron/project/CSCE452_Project3/project3_ws/install/project3_pkg/lib/python3.10/site-packages:${PYTHONPATH} /usr/bin/python3 setup.py egg_info --egg-base ../../build/project3_pkg build --build-base /home/aaron/project/CSCE452_Project3/project3_ws/build/project3_pkg/build install --record /home/aaron/project/CSCE452_Project3/project3_ws/build/project3_pkg/install.log --single-version-externally-managed
