[4.126s] DEBUG:colcon:Command line arguments: ['/usr/bin/colcon', 'build']
[4.126s] DEBUG:colcon:Parsed command line arguments: Namespace(allow_overriding=[], ament_cmake_args=None, base_paths=['.'], build_base='build', catkin_cmake_args=None, catkin_skip_building_tests=False, cmake_args=None, cmake_clean_cache=False, cmake_clean_first=False, cmake_force_configure=False, cmake_target=None, cmake_target_skip_unavailable=False, continue_on_error=False, event_handlers=None, executor='parallel', ignore_user_meta=False, install_base='install', log_base=None, log_level=None, main=<bound method BuildVerb.main of <colcon_core.verb.build.BuildVerb object at 0x7f7ab1df0820>>, merge_install=False, metas=['./colcon.meta'], packages_above=None, packages_above_and_dependencies=None, packages_above_depth=None, packages_end=None, packages_ignore=None, packages_ignore_regex=None, packages_select=None, packages_select_build_failed=False, packages_select_by_dep=None, packages_select_regex=None, packages_select_test_failures=False, packages_skip=None, packages_skip_build_finished=False, packages_skip_by_dep=None, packages_skip_regex=None, packages_skip_test_passed=False, packages_skip_up_to=None, packages_start=None, packages_up_to=None, packages_up_to_regex=None, parallel_workers=1, paths=None, symlink_install=False, test_result_base=None, verb_extension=<colcon_core.verb.build.BuildVerb object at 0x7f7ab1df0820>, verb_name='build', verb_parser=<colcon_defaults.argument_parser.defaults.DefaultArgumentsDecorator object at 0x7f7ab1df0d90>)
[4.582s] Level 1:colcon.colcon_core.package_discovery:discover_packages(colcon_meta) check parameters
[4.582s] Level 1:colcon.colcon_core.package_discovery:discover_packages(recursive) check parameters
[4.582s] Level 1:colcon.colcon_core.package_discovery:discover_packages(ignore) check parameters
[4.582s] Level 1:colcon.colcon_core.package_discovery:discover_packages(path) check parameters
[4.582s] Level 1:colcon.colcon_core.package_discovery:discover_packages(colcon_meta) discover
[4.582s] Level 1:colcon.colcon_core.package_discovery:discover_packages(recursive) discover
[4.582s] INFO:colcon.colcon_core.package_discovery:Crawling recursively for packages in '/home/chase/CSCE452_Project3/project3_ws'
[4.582s] Level 1:colcon.colcon_core.package_identification:_identify(.) by extensions ['ignore', 'ignore_ament_install']
[4.583s] Level 1:colcon.colcon_core.package_identification:_identify(.) by extension 'ignore'
[4.583s] Level 1:colcon.colcon_core.package_identification:_identify(.) by extension 'ignore_ament_install'
[4.583s] Level 1:colcon.colcon_core.package_identification:_identify(.) by extensions ['colcon_pkg']
[4.583s] Level 1:colcon.colcon_core.package_identification:_identify(.) by extension 'colcon_pkg'
[4.583s] Level 1:colcon.colcon_core.package_identification:_identify(.) by extensions ['colcon_meta']
[4.583s] Level 1:colcon.colcon_core.package_identification:_identify(.) by extension 'colcon_meta'
[4.583s] Level 1:colcon.colcon_core.package_identification:_identify(.) by extensions ['ros']
[4.583s] Level 1:colcon.colcon_core.package_identification:_identify(.) by extension 'ros'
[4.656s] Level 1:colcon.colcon_core.package_identification:_identify(.) by extensions ['cmake', 'python']
[4.656s] Level 1:colcon.colcon_core.package_identification:_identify(.) by extension 'cmake'
[4.656s] Level 1:colcon.colcon_core.package_identification:_identify(.) by extension 'python'
[4.656s] Level 1:colcon.colcon_core.package_identification:_identify(.) by extensions ['python_setup_py']
[4.656s] Level 1:colcon.colcon_core.package_identification:_identify(.) by extension 'python_setup_py'
[4.656s] Level 1:colcon.colcon_core.package_identification:_identify(build) by extensions ['ignore', 'ignore_ament_install']
[4.656s] Level 1:colcon.colcon_core.package_identification:_identify(build) by extension 'ignore'
[4.657s] Level 1:colcon.colcon_core.package_identification:_identify(build) ignored
[4.657s] Level 1:colcon.colcon_core.package_identification:_identify(install) by extensions ['ignore', 'ignore_ament_install']
[4.657s] Level 1:colcon.colcon_core.package_identification:_identify(install) by extension 'ignore'
[4.657s] Level 1:colcon.colcon_core.package_identification:_identify(install) ignored
[4.657s] Level 1:colcon.colcon_core.package_identification:_identify(log) by extensions ['ignore', 'ignore_ament_install']
[4.657s] Level 1:colcon.colcon_core.package_identification:_identify(log) by extension 'ignore'
[4.657s] Level 1:colcon.colcon_core.package_identification:_identify(log) ignored
[4.657s] Level 1:colcon.colcon_core.package_identification:_identify(src) by extensions ['ignore', 'ignore_ament_install']
[4.657s] Level 1:colcon.colcon_core.package_identification:_identify(src) by extension 'ignore'
[4.658s] Level 1:colcon.colcon_core.package_identification:_identify(src) by extension 'ignore_ament_install'
[4.658s] Level 1:colcon.colcon_core.package_identification:_identify(src) by extensions ['colcon_pkg']
[4.658s] Level 1:colcon.colcon_core.package_identification:_identify(src) by extension 'colcon_pkg'
[4.658s] Level 1:colcon.colcon_core.package_identification:_identify(src) by extensions ['colcon_meta']
[4.658s] Level 1:colcon.colcon_core.package_identification:_identify(src) by extension 'colcon_meta'
[4.658s] Level 1:colcon.colcon_core.package_identification:_identify(src) by extensions ['ros']
[4.658s] Level 1:colcon.colcon_core.package_identification:_identify(src) by extension 'ros'
[4.658s] Level 1:colcon.colcon_core.package_identification:_identify(src) by extensions ['cmake', 'python']
[4.658s] Level 1:colcon.colcon_core.package_identification:_identify(src) by extension 'cmake'
[4.658s] Level 1:colcon.colcon_core.package_identification:_identify(src) by extension 'python'
[4.658s] Level 1:colcon.colcon_core.package_identification:_identify(src) by extensions ['python_setup_py']
[4.658s] Level 1:colcon.colcon_core.package_identification:_identify(src) by extension 'python_setup_py'
[4.658s] Level 1:colcon.colcon_core.package_identification:_identify(src/project3_pkg) by extensions ['ignore', 'ignore_ament_install']
[4.658s] Level 1:colcon.colcon_core.package_identification:_identify(src/project3_pkg) by extension 'ignore'
[4.659s] Level 1:colcon.colcon_core.package_identification:_identify(src/project3_pkg) by extension 'ignore_ament_install'
[4.659s] Level 1:colcon.colcon_core.package_identification:_identify(src/project3_pkg) by extensions ['colcon_pkg']
[4.659s] Level 1:colcon.colcon_core.package_identification:_identify(src/project3_pkg) by extension 'colcon_pkg'
[4.659s] Level 1:colcon.colcon_core.package_identification:_identify(src/project3_pkg) by extensions ['colcon_meta']
[4.659s] Level 1:colcon.colcon_core.package_identification:_identify(src/project3_pkg) by extension 'colcon_meta'
[4.659s] Level 1:colcon.colcon_core.package_identification:_identify(src/project3_pkg) by extensions ['ros']
[4.659s] Level 1:colcon.colcon_core.package_identification:_identify(src/project3_pkg) by extension 'ros'
[4.671s] DEBUG:colcon.colcon_core.package_identification:Package 'src/project3_pkg' with type 'ros.ament_python' and name 'project3_pkg'
[4.671s] Level 1:colcon.colcon_core.package_discovery:discover_packages(recursive) using defaults
[4.671s] Level 1:colcon.colcon_core.package_discovery:discover_packages(ignore) discover
[4.672s] Level 1:colcon.colcon_core.package_discovery:discover_packages(ignore) using defaults
[4.672s] Level 1:colcon.colcon_core.package_discovery:discover_packages(path) discover
[4.672s] Level 1:colcon.colcon_core.package_discovery:discover_packages(path) using defaults
[4.996s] Level 1:colcon.colcon_core.package_discovery:discover_packages(prefix_path) check parameters
[4.996s] Level 1:colcon.colcon_core.package_discovery:discover_packages(prefix_path) discover
[5.142s] DEBUG:colcon.colcon_installed_package_information.package_discovery:Found 325 installed packages in /home/chase/ros2_humble/install
[5.163s] Level 1:colcon.colcon_core.package_discovery:discover_packages(prefix_path) using defaults
[7.135s] Level 5:colcon.colcon_core.verb:set package 'project3_pkg' build argument 'cmake_args' from command line to 'None'
[7.135s] Level 5:colcon.colcon_core.verb:set package 'project3_pkg' build argument 'cmake_target' from command line to 'None'
[7.135s] Level 5:colcon.colcon_core.verb:set package 'project3_pkg' build argument 'cmake_target_skip_unavailable' from command line to 'False'
[7.135s] Level 5:colcon.colcon_core.verb:set package 'project3_pkg' build argument 'cmake_clean_cache' from command line to 'False'
[7.135s] Level 5:colcon.colcon_core.verb:set package 'project3_pkg' build argument 'cmake_clean_first' from command line to 'False'
[7.135s] Level 5:colcon.colcon_core.verb:set package 'project3_pkg' build argument 'cmake_force_configure' from command line to 'False'
[7.135s] Level 5:colcon.colcon_core.verb:set package 'project3_pkg' build argument 'ament_cmake_args' from command line to 'None'
[7.135s] Level 5:colcon.colcon_core.verb:set package 'project3_pkg' build argument 'catkin_cmake_args' from command line to 'None'
[7.135s] Level 5:colcon.colcon_core.verb:set package 'project3_pkg' build argument 'catkin_skip_building_tests' from command line to 'False'
[7.135s] DEBUG:colcon.colcon_core.verb:Building package 'project3_pkg' with the following arguments: {'ament_cmake_args': None, 'build_base': '/home/chase/CSCE452_Project3/project3_ws/build/project3_pkg', 'catkin_cmake_args': None, 'catkin_skip_building_tests': False, 'cmake_args': None, 'cmake_clean_cache': False, 'cmake_clean_first': False, 'cmake_force_configure': False, 'cmake_target': None, 'cmake_target_skip_unavailable': False, 'install_base': '/home/chase/CSCE452_Project3/project3_ws/install/project3_pkg', 'merge_install': False, 'path': '/home/chase/CSCE452_Project3/project3_ws/src/project3_pkg', 'symlink_install': False, 'test_result_base': None}
[7.137s] INFO:colcon.colcon_core.executor:Executing jobs using 'parallel' executor
[7.193s] DEBUG:colcon.colcon_parallel_executor.executor.parallel:run_until_complete
[7.194s] INFO:colcon.colcon_ros.task.ament_python.build:Building ROS package in '/home/chase/CSCE452_Project3/project3_ws/src/project3_pkg' with build type 'ament_python'
[7.194s] Level 1:colcon.colcon_core.shell:create_environment_hook('project3_pkg', 'ament_prefix_path')
[7.301s] INFO:colcon.colcon_core.plugin_system:Skipping extension 'colcon_core.shell.bat': Not used on non-Windows systems
[7.302s] INFO:colcon.colcon_core.shell:Creating environment hook '/home/chase/CSCE452_Project3/project3_ws/install/project3_pkg/share/project3_pkg/hook/ament_prefix_path.ps1'
[7.305s] INFO:colcon.colcon_core.shell:Creating environment descriptor '/home/chase/CSCE452_Project3/project3_ws/install/project3_pkg/share/project3_pkg/hook/ament_prefix_path.dsv'
[7.307s] INFO:colcon.colcon_core.shell:Creating environment hook '/home/chase/CSCE452_Project3/project3_ws/install/project3_pkg/share/project3_pkg/hook/ament_prefix_path.sh'
[7.313s] INFO:colcon.colcon_core.shell:Skip shell extension 'powershell' for command environment: Not usable outside of PowerShell
[7.313s] DEBUG:colcon.colcon_core.shell:Skip shell extension 'dsv' for command environment
[12.133s] INFO:colcon.colcon_core.task.python.build:Building Python package in '/home/chase/CSCE452_Project3/project3_ws/src/project3_pkg'
[12.137s] INFO:colcon.colcon_core.shell:Skip shell extension 'powershell' for command environment: Not usable outside of PowerShell
[12.137s] DEBUG:colcon.colcon_core.shell:Skip shell extension 'dsv' for command environment
[19.251s] DEBUG:colcon.colcon_core.event_handler.log_command:Invoking command in '/home/chase/CSCE452_Project3/project3_ws/src/project3_pkg': PYTHONPATH=/home/chase/CSCE452_Project3/project3_ws/build/project3_pkg/prefix_override:/home/chase/CSCE452_Project3/project3_ws/install/project3_pkg/lib/python3.8/site-packages:${PYTHONPATH} /usr/bin/python3 setup.py egg_info --egg-base ../../build/project3_pkg build --build-base /home/chase/CSCE452_Project3/project3_ws/build/project3_pkg/build install --record /home/chase/CSCE452_Project3/project3_ws/build/project3_pkg/install.log --single-version-externally-managed
[24.932s] DEBUG:colcon.colcon_core.event_handler.log_command:Invoked command in '/home/chase/CSCE452_Project3/project3_ws/src/project3_pkg' returned '0': PYTHONPATH=/home/chase/CSCE452_Project3/project3_ws/build/project3_pkg/prefix_override:/home/chase/CSCE452_Project3/project3_ws/install/project3_pkg/lib/python3.8/site-packages:${PYTHONPATH} /usr/bin/python3 setup.py egg_info --egg-base ../../build/project3_pkg build --build-base /home/chase/CSCE452_Project3/project3_ws/build/project3_pkg/build install --record /home/chase/CSCE452_Project3/project3_ws/build/project3_pkg/install.log --single-version-externally-managed
[25.015s] Level 1:colcon.colcon_core.environment:checking '/home/chase/CSCE452_Project3/project3_ws/install/project3_pkg' for CMake module files
[25.016s] Level 1:colcon.colcon_core.environment:checking '/home/chase/CSCE452_Project3/project3_ws/install/project3_pkg' for CMake config files
[25.017s] Level 1:colcon.colcon_core.environment:checking '/home/chase/CSCE452_Project3/project3_ws/install/project3_pkg/lib'
[25.018s] Level 1:colcon.colcon_core.environment:checking '/home/chase/CSCE452_Project3/project3_ws/install/project3_pkg/bin'
[25.018s] Level 1:colcon.colcon_core.environment:checking '/home/chase/CSCE452_Project3/project3_ws/install/project3_pkg/lib/pkgconfig/project3_pkg.pc'
[25.018s] Level 1:colcon.colcon_core.environment:checking '/home/chase/CSCE452_Project3/project3_ws/install/project3_pkg/lib/python3.8/site-packages'
[25.018s] Level 1:colcon.colcon_core.shell:create_environment_hook('project3_pkg', 'pythonpath')
[25.023s] INFO:colcon.colcon_core.shell:Creating environment hook '/home/chase/CSCE452_Project3/project3_ws/install/project3_pkg/share/project3_pkg/hook/pythonpath.ps1'
[25.024s] INFO:colcon.colcon_core.shell:Creating environment descriptor '/home/chase/CSCE452_Project3/project3_ws/install/project3_pkg/share/project3_pkg/hook/pythonpath.dsv'
[25.025s] INFO:colcon.colcon_core.shell:Creating environment hook '/home/chase/CSCE452_Project3/project3_ws/install/project3_pkg/share/project3_pkg/hook/pythonpath.sh'
[25.026s] Level 1:colcon.colcon_core.environment:checking '/home/chase/CSCE452_Project3/project3_ws/install/project3_pkg/bin'
[25.026s] Level 1:colcon.colcon_core.environment:create_environment_scripts_only(project3_pkg)
[25.063s] INFO:colcon.colcon_core.shell:Creating package script '/home/chase/CSCE452_Project3/project3_ws/install/project3_pkg/share/project3_pkg/package.ps1'
[25.075s] INFO:colcon.colcon_core.shell:Creating package descriptor '/home/chase/CSCE452_Project3/project3_ws/install/project3_pkg/share/project3_pkg/package.dsv'
[25.077s] INFO:colcon.colcon_core.shell:Creating package script '/home/chase/CSCE452_Project3/project3_ws/install/project3_pkg/share/project3_pkg/package.sh'
[25.091s] INFO:colcon.colcon_core.shell:Creating package script '/home/chase/CSCE452_Project3/project3_ws/install/project3_pkg/share/project3_pkg/package.bash'
[25.095s] INFO:colcon.colcon_core.shell:Creating package script '/home/chase/CSCE452_Project3/project3_ws/install/project3_pkg/share/project3_pkg/package.zsh'
[25.105s] Level 1:colcon.colcon_core.environment:create_file_with_runtime_dependencies(/home/chase/CSCE452_Project3/project3_ws/install/project3_pkg/share/colcon-core/packages/project3_pkg)
[25.110s] DEBUG:colcon.colcon_parallel_executor.executor.parallel:closing loop
[25.124s] DEBUG:colcon.colcon_parallel_executor.executor.parallel:loop closed
[25.125s] DEBUG:colcon.colcon_parallel_executor.executor.parallel:run_until_complete finished with '0'
[25.125s] DEBUG:colcon.colcon_core.event_reactor:joining thread
[25.240s] INFO:colcon.colcon_core.plugin_system:Skipping extension 'colcon_notification.desktop_notification.terminal_notifier': Not used on non-Darwin systems
[25.240s] INFO:colcon.colcon_core.plugin_system:Skipping extension 'colcon_notification.desktop_notification.win32': Not used on non-Windows systems
[25.240s] INFO:colcon.colcon_notification.desktop_notification:Sending desktop notification using 'notify2'
[26.083s] DEBUG:colcon.colcon_core.event_reactor:joined thread
[26.087s] INFO:colcon.colcon_core.shell:Creating prefix script '/home/chase/CSCE452_Project3/project3_ws/install/local_setup.ps1'
[26.096s] INFO:colcon.colcon_core.shell:Creating prefix util module '/home/chase/CSCE452_Project3/project3_ws/install/_local_setup_util_ps1.py'
[26.099s] INFO:colcon.colcon_core.shell:Creating prefix chain script '/home/chase/CSCE452_Project3/project3_ws/install/setup.ps1'
[26.187s] INFO:colcon.colcon_core.shell:Creating prefix script '/home/chase/CSCE452_Project3/project3_ws/install/local_setup.sh'
[26.189s] INFO:colcon.colcon_core.shell:Creating prefix util module '/home/chase/CSCE452_Project3/project3_ws/install/_local_setup_util_sh.py'
[26.190s] INFO:colcon.colcon_core.shell:Creating prefix chain script '/home/chase/CSCE452_Project3/project3_ws/install/setup.sh'
[26.258s] INFO:colcon.colcon_core.shell:Creating prefix script '/home/chase/CSCE452_Project3/project3_ws/install/local_setup.bash'
[26.260s] INFO:colcon.colcon_core.shell:Creating prefix chain script '/home/chase/CSCE452_Project3/project3_ws/install/setup.bash'
[26.325s] INFO:colcon.colcon_core.shell:Creating prefix script '/home/chase/CSCE452_Project3/project3_ws/install/local_setup.zsh'
[26.334s] INFO:colcon.colcon_core.shell:Creating prefix chain script '/home/chase/CSCE452_Project3/project3_ws/install/setup.zsh'
