[7.617s] Invoking command in '/home/chase/CSCE452_Project3/project3_ws/src/project3_pkg': PYTHONPATH=/home/chase/CSCE452_Project3/project3_ws/build/project3_pkg/prefix_override:/home/chase/CSCE452_Project3/project3_ws/install/project3_pkg/lib/python3.8/site-packages:${PYTHONPATH} /usr/bin/python3 setup.py egg_info --egg-base ../../build/project3_pkg build --build-base /home/chase/CSCE452_Project3/project3_ws/build/project3_pkg/build install --record /home/chase/CSCE452_Project3/project3_ws/build/project3_pkg/install.log --single-version-externally-managed
[10.519s] running egg_info
[10.542s] writing ../../build/project3_pkg/project3_pkg.egg-info/PKG-INFO
[10.544s] writing dependency_links to ../../build/project3_pkg/project3_pkg.egg-info/dependency_links.txt
[10.546s] writing entry points to ../../build/project3_pkg/project3_pkg.egg-info/entry_points.txt
[10.547s] writing requirements to ../../build/project3_pkg/project3_pkg.egg-info/requires.txt
[10.548s] writing top-level names to ../../build/project3_pkg/project3_pkg.egg-info/top_level.txt
[10.717s] reading manifest file '../../build/project3_pkg/project3_pkg.egg-info/SOURCES.txt'
[10.726s] writing manifest file '../../build/project3_pkg/project3_pkg.egg-info/SOURCES.txt'
[10.733s] running build
[10.734s] running build_py
[10.734s] running install
[10.737s] running install_lib
[10.748s] running install_data
[10.749s] copying launch/launch.py -> /home/chase/CSCE452_Project3/project3_ws/install/project3_pkg/share/project3_pkg
[10.750s] running install_egg_info
[10.766s] removing '/home/chase/CSCE452_Project3/project3_ws/install/project3_pkg/lib/python3.8/site-packages/project3_pkg-0.0.0-py3.8.egg-info' (and everything under it)
[10.767s] Copying ../../build/project3_pkg/project3_pkg.egg-info to /home/chase/CSCE452_Project3/project3_ws/install/project3_pkg/lib/python3.8/site-packages/project3_pkg-0.0.0-py3.8.egg-info
[10.768s] running install_scripts
[10.895s] Installing laser_scan_to_pointcloud script to /home/chase/CSCE452_Project3/project3_ws/install/project3_pkg/lib/project3_pkg
[10.904s] writing list of installed files to '/home/chase/CSCE452_Project3/project3_ws/build/project3_pkg/install.log'
[10.966s] Invoked command in '/home/chase/CSCE452_Project3/project3_ws/src/project3_pkg' returned '0': PYTHONPATH=/home/chase/CSCE452_Project3/project3_ws/build/project3_pkg/prefix_override:/home/chase/CSCE452_Project3/project3_ws/install/project3_pkg/lib/python3.8/site-packages:${PYTHONPATH} /usr/bin/python3 setup.py egg_info --egg-base ../../build/project3_pkg build --build-base /home/chase/CSCE452_Project3/project3_ws/build/project3_pkg/build install --record /home/chase/CSCE452_Project3/project3_ws/build/project3_pkg/install.log --single-version-externally-managed
