running egg_info
writing ../../build/project3_pkg/project3_pkg.egg-info/PKG-INFO
writing dependency_links to ../../build/project3_pkg/project3_pkg.egg-info/dependency_links.txt
writing entry points to ../../build/project3_pkg/project3_pkg.egg-info/entry_points.txt
writing requirements to ../../build/project3_pkg/project3_pkg.egg-info/requires.txt
writing top-level names to ../../build/project3_pkg/project3_pkg.egg-info/top_level.txt
reading manifest file '../../build/project3_pkg/project3_pkg.egg-info/SOURCES.txt'
writing manifest file '../../build/project3_pkg/project3_pkg.egg-info/SOURCES.txt'
running build
running build_py
running install
/usr/lib/python3/dist-packages/setuptools/command/install.py:34: SetuptoolsDeprecationWarning: setup.py install is deprecated. Use build and pip and other standards-based tools.
  warnings.warn(
running install_lib
running install_data
running install_egg_info
removing '/home/aaron/project/CSCE452_Project3/project3_ws/install/project3_pkg/lib/python3.10/site-packages/project3_pkg-0.0.0-py3.10.egg-info' (and everything under it)
Copying ../../build/project3_pkg/project3_pkg.egg-info to /home/aaron/project/CSCE452_Project3/project3_ws/install/project3_pkg/lib/python3.10/site-packages/project3_pkg-0.0.0-py3.10.egg-info
running install_scripts
Installing laser_scan_to_pointcloud script to /home/aaron/project/CSCE452_Project3/project3_ws/install/project3_pkg/lib/project3_pkg
Installing peoplecounter script to /home/aaron/project/CSCE452_Project3/project3_ws/install/project3_pkg/lib/project3_pkg
writing list of installed files to '/home/aaron/project/CSCE452_Project3/project3_ws/build/project3_pkg/install.log'
