[0.000000] (-) TimerEvent: {}
[0.000264] (project3_pkg) JobQueued: {'identifier': 'project3_pkg', 'dependencies': OrderedDict()}
[0.000305] (project3_pkg) JobStarted: {'identifier': 'project3_pkg'}
[0.096961] (-) TimerEvent: {}
[0.203672] (-) TimerEvent: {}
[0.315519] (-) TimerEvent: {}
[0.430979] (-) TimerEvent: {}
[0.534570] (-) TimerEvent: {}
[0.635984] (-) TimerEvent: {}
[0.748495] (-) TimerEvent: {}
[0.864494] (-) TimerEvent: {}
[0.970650] (-) TimerEvent: {}
[1.093551] (-) TimerEvent: {}
[1.194151] (-) TimerEvent: {}
[1.296630] (-) TimerEvent: {}
[1.408052] (-) TimerEvent: {}
[1.527525] (-) TimerEvent: {}
[1.652328] (-) TimerEvent: {}
[1.766688] (-) TimerEvent: {}
[1.883726] (-) TimerEvent: {}
[2.008812] (-) TimerEvent: {}
[2.129024] (-) TimerEvent: {}
[2.242854] (-) TimerEvent: {}
[2.360297] (-) TimerEvent: {}
[2.487760] (-) TimerEvent: {}
[2.626776] (-) TimerEvent: {}
[2.737965] (-) TimerEvent: {}
[2.844088] (-) TimerEvent: {}
[2.948429] (-) TimerEvent: {}
[3.051327] (-) TimerEvent: {}
[3.162699] (-) TimerEvent: {}
[3.274761] (-) TimerEvent: {}
[3.388787] (-) TimerEvent: {}
[3.519763] (-) TimerEvent: {}
[3.649152] (-) TimerEvent: {}
[3.774804] (-) TimerEvent: {}
[3.881083] (-) TimerEvent: {}
[3.996981] (-) TimerEvent: {}
[4.107100] (-) TimerEvent: {}
[4.223314] (-) TimerEvent: {}
[4.330498] (-) TimerEvent: {}
[4.431290] (-) TimerEvent: {}
[4.550197] (-) TimerEvent: {}
[4.652412] (-) TimerEvent: {}
[4.774925] (-) TimerEvent: {}
[4.880612] (-) TimerEvent: {}
[4.987308] (-) TimerEvent: {}
[5.089465] (-) TimerEvent: {}
[5.196529] (-) TimerEvent: {}
[5.304160] (-) TimerEvent: {}
[5.417342] (-) TimerEvent: {}
[5.528689] (-) TimerEvent: {}
[5.629720] (-) TimerEvent: {}
[5.731330] (-) TimerEvent: {}
[5.840835] (-) TimerEvent: {}
[5.967057] (-) TimerEvent: {}
[5.985117] (project3_pkg) StderrLine: {'line': b'Traceback (most recent call last):\n  File "/usr/lib/python3/dist-packages/colcon_core/executor/__init__.py", line 91, in __call__\n    rc = await self.task(*args, **kwargs)\n  File "/usr/lib/python3/dist-packages/colcon_core/task/__init__.py", line 93, in __call__\n    return await task_method(*args, **kwargs)\n  File "/usr/lib/python3/dist-packages/colcon_ros/task/ament_python/build.py", line 51, in build\n    setup_py_data = get_setup_data(self.context.pkg, env)\n  File "/usr/lib/python3/dist-packages/colcon_core/task/python/__init__.py", line 20, in get_setup_data\n    return dict(pkg.metadata[key](env))\n  File "/usr/lib/python3/dist-packages/colcon_ros/package_augmentation/ros_ament_python.py", line 57, in getter\n    return get_setup_information(\n  File "/usr/lib/python3/dist-packages/colcon_python_setup_py/package_identification/python_setup_py.py", line 241, in get_setup_information\n    _setup_information_cache[hashable_env] = _get_setup_information(\n  File "/usr/lib/python3/dist-packages/colcon_python_setup_py/package_identification/python_setup_py.py", line 288, in _get_setup_information\n    result = subprocess.run(\n  File "/usr/lib/python3.8/subprocess.py", line 516, in run\n    raise CalledProcessError(retcode, process.args,\nsubprocess.CalledProcessError: Command \'[\'/usr/bin/python3\', \'-c\', \'import sys;from contextlib import suppress;exec("with suppress(ImportError):    from setuptools.extern.packaging.specifiers    import SpecifierSet");exec("with suppress(ImportError):    from packaging.specifiers import SpecifierSet");from distutils.core import run_setup;dist = run_setup(    \\\'setup.py\\\', script_args=(\\\'--dry-run\\\',), stop_after=\\\'config\\\');skip_keys = (\\\'cmdclass\\\', \\\'distclass\\\', \\\'ext_modules\\\', \\\'metadata\\\');data = {    key: value for key, value in dist.__dict__.items()     if (        not key.startswith(\\\'_\\\') and         not callable(value) and         key not in skip_keys and         key not in dist.display_option_names    )};data[\\\'metadata\\\'] = {    k: v for k, v in dist.metadata.__dict__.items()     if k not in (\\\'license_files\\\', \\\'provides_extras\\\')};sys.stdout.buffer.write(repr(data).encode(\\\'utf-8\\\'))\']\' returned non-zero exit status 1.\n'}
[5.986515] (project3_pkg) JobEnded: {'identifier': 'project3_pkg', 'rc': 1}
[6.017834] (-) EventReactorShutdown: {}
