[1.704s] DEBUG:colcon:Command line arguments: ['/usr/bin/colcon', 'build']
[1.704s] DEBUG:colcon:Parsed command line arguments: Namespace(allow_overriding=[], ament_cmake_args=None, base_paths=['.'], build_base='build', catkin_cmake_args=None, catkin_skip_building_tests=False, cmake_args=None, cmake_clean_cache=False, cmake_clean_first=False, cmake_force_configure=False, cmake_target=None, cmake_target_skip_unavailable=False, continue_on_error=False, event_handlers=None, executor='parallel', ignore_user_meta=False, install_base='install', log_base=None, log_level=None, main=<bound method BuildVerb.main of <colcon_core.verb.build.BuildVerb object at 0x7f60d90075e0>>, merge_install=False, metas=['./colcon.meta'], packages_above=None, packages_above_and_dependencies=None, packages_above_depth=None, packages_end=None, packages_ignore=None, packages_ignore_regex=None, packages_select=None, packages_select_build_failed=False, packages_select_by_dep=None, packages_select_regex=None, packages_select_test_failures=False, packages_skip=None, packages_skip_build_finished=False, packages_skip_by_dep=None, packages_skip_regex=None, packages_skip_test_passed=False, packages_skip_up_to=None, packages_start=None, packages_up_to=None, packages_up_to_regex=None, parallel_workers=1, paths=None, symlink_install=False, test_result_base=None, verb_extension=<colcon_core.verb.build.BuildVerb object at 0x7f60d90075e0>, verb_name='build', verb_parser=<colcon_defaults.argument_parser.defaults.DefaultArgumentsDecorator object at 0x7f60d9007b20>)
[1.879s] Level 1:colcon.colcon_core.package_discovery:discover_packages(colcon_meta) check parameters
[1.879s] Level 1:colcon.colcon_core.package_discovery:discover_packages(recursive) check parameters
[1.879s] Level 1:colcon.colcon_core.package_discovery:discover_packages(ignore) check parameters
[1.879s] Level 1:colcon.colcon_core.package_discovery:discover_packages(path) check parameters
[1.879s] Level 1:colcon.colcon_core.package_discovery:discover_packages(colcon_meta) discover
[1.879s] Level 1:colcon.colcon_core.package_discovery:discover_packages(recursive) discover
[1.888s] INFO:colcon.colcon_core.package_discovery:Crawling recursively for packages in '/home/chase/CSCE452_Project3/project3_ws'
[1.888s] Level 1:colcon.colcon_core.package_identification:_identify(.) by extensions ['ignore', 'ignore_ament_install']
[1.888s] Level 1:colcon.colcon_core.package_identification:_identify(.) by extension 'ignore'
[1.889s] Level 1:colcon.colcon_core.package_identification:_identify(.) by extension 'ignore_ament_install'
[1.889s] Level 1:colcon.colcon_core.package_identification:_identify(.) by extensions ['colcon_pkg']
[1.889s] Level 1:colcon.colcon_core.package_identification:_identify(.) by extension 'colcon_pkg'
[1.889s] Level 1:colcon.colcon_core.package_identification:_identify(.) by extensions ['colcon_meta']
[1.889s] Level 1:colcon.colcon_core.package_identification:_identify(.) by extension 'colcon_meta'
[1.889s] Level 1:colcon.colcon_core.package_identification:_identify(.) by extensions ['ros']
[1.889s] Level 1:colcon.colcon_core.package_identification:_identify(.) by extension 'ros'
[1.921s] Level 1:colcon.colcon_core.package_identification:_identify(.) by extensions ['cmake', 'python']
[1.921s] Level 1:colcon.colcon_core.package_identification:_identify(.) by extension 'cmake'
[1.921s] Level 1:colcon.colcon_core.package_identification:_identify(.) by extension 'python'
[1.921s] Level 1:colcon.colcon_core.package_identification:_identify(.) by extensions ['python_setup_py']
[1.921s] Level 1:colcon.colcon_core.package_identification:_identify(.) by extension 'python_setup_py'
[1.922s] Level 1:colcon.colcon_core.package_identification:_identify(build) by extensions ['ignore', 'ignore_ament_install']
[1.922s] Level 1:colcon.colcon_core.package_identification:_identify(build) by extension 'ignore'
[1.922s] Level 1:colcon.colcon_core.package_identification:_identify(build) ignored
[1.922s] Level 1:colcon.colcon_core.package_identification:_identify(install) by extensions ['ignore', 'ignore_ament_install']
[1.922s] Level 1:colcon.colcon_core.package_identification:_identify(install) by extension 'ignore'
[1.922s] Level 1:colcon.colcon_core.package_identification:_identify(install) ignored
[1.922s] Level 1:colcon.colcon_core.package_identification:_identify(log) by extensions ['ignore', 'ignore_ament_install']
[1.922s] Level 1:colcon.colcon_core.package_identification:_identify(log) by extension 'ignore'
[1.922s] Level 1:colcon.colcon_core.package_identification:_identify(log) ignored
[1.926s] Level 1:colcon.colcon_core.package_identification:_identify(src) by extensions ['ignore', 'ignore_ament_install']
[1.927s] Level 1:colcon.colcon_core.package_identification:_identify(src) by extension 'ignore'
[1.927s] Level 1:colcon.colcon_core.package_identification:_identify(src) by extension 'ignore_ament_install'
[1.927s] Level 1:colcon.colcon_core.package_identification:_identify(src) by extensions ['colcon_pkg']
[1.927s] Level 1:colcon.colcon_core.package_identification:_identify(src) by extension 'colcon_pkg'
[1.927s] Level 1:colcon.colcon_core.package_identification:_identify(src) by extensions ['colcon_meta']
[1.927s] Level 1:colcon.colcon_core.package_identification:_identify(src) by extension 'colcon_meta'
[1.927s] Level 1:colcon.colcon_core.package_identification:_identify(src) by extensions ['ros']
[1.927s] Level 1:colcon.colcon_core.package_identification:_identify(src) by extension 'ros'
[1.927s] Level 1:colcon.colcon_core.package_identification:_identify(src) by extensions ['cmake', 'python']
[1.927s] Level 1:colcon.colcon_core.package_identification:_identify(src) by extension 'cmake'
[1.927s] Level 1:colcon.colcon_core.package_identification:_identify(src) by extension 'python'
[1.927s] Level 1:colcon.colcon_core.package_identification:_identify(src) by extensions ['python_setup_py']
[1.927s] Level 1:colcon.colcon_core.package_identification:_identify(src) by extension 'python_setup_py'
[1.927s] Level 1:colcon.colcon_core.package_identification:_identify(src/project3_pkg) by extensions ['ignore', 'ignore_ament_install']
[1.928s] Level 1:colcon.colcon_core.package_identification:_identify(src/project3_pkg) by extension 'ignore'
[1.928s] Level 1:colcon.colcon_core.package_identification:_identify(src/project3_pkg) by extension 'ignore_ament_install'
[1.928s] Level 1:colcon.colcon_core.package_identification:_identify(src/project3_pkg) by extensions ['colcon_pkg']
[1.928s] Level 1:colcon.colcon_core.package_identification:_identify(src/project3_pkg) by extension 'colcon_pkg'
[1.928s] Level 1:colcon.colcon_core.package_identification:_identify(src/project3_pkg) by extensions ['colcon_meta']
[1.928s] Level 1:colcon.colcon_core.package_identification:_identify(src/project3_pkg) by extension 'colcon_meta'
[1.928s] Level 1:colcon.colcon_core.package_identification:_identify(src/project3_pkg) by extensions ['ros']
[1.928s] Level 1:colcon.colcon_core.package_identification:_identify(src/project3_pkg) by extension 'ros'
[1.930s] DEBUG:colcon.colcon_core.package_identification:Package 'src/project3_pkg' with type 'ros.ament_python' and name 'project3_pkg'
[1.931s] Level 1:colcon.colcon_core.package_discovery:discover_packages(recursive) using defaults
[1.931s] Level 1:colcon.colcon_core.package_discovery:discover_packages(ignore) discover
[1.931s] Level 1:colcon.colcon_core.package_discovery:discover_packages(ignore) using defaults
[1.931s] Level 1:colcon.colcon_core.package_discovery:discover_packages(path) discover
[1.931s] Level 1:colcon.colcon_core.package_discovery:discover_packages(path) using defaults
[2.069s] Level 1:colcon.colcon_core.package_discovery:discover_packages(prefix_path) check parameters
[2.069s] Level 1:colcon.colcon_core.package_discovery:discover_packages(prefix_path) discover
[2.116s] DEBUG:colcon.colcon_installed_package_information.package_discovery:Found 1 installed packages in /home/chase/CSCE452_Project3/project3_ws/install
[2.148s] DEBUG:colcon.colcon_installed_package_information.package_discovery:Found 325 installed packages in /home/chase/ros2_humble/install
[2.150s] Level 1:colcon.colcon_core.package_discovery:discover_packages(prefix_path) using defaults
[2.244s] Level 5:colcon.colcon_core.verb:set package 'project3_pkg' build argument 'cmake_args' from command line to 'None'
[2.244s] Level 5:colcon.colcon_core.verb:set package 'project3_pkg' build argument 'cmake_target' from command line to 'None'
[2.244s] Level 5:colcon.colcon_core.verb:set package 'project3_pkg' build argument 'cmake_target_skip_unavailable' from command line to 'False'
[2.244s] Level 5:colcon.colcon_core.verb:set package 'project3_pkg' build argument 'cmake_clean_cache' from command line to 'False'
[2.244s] Level 5:colcon.colcon_core.verb:set package 'project3_pkg' build argument 'cmake_clean_first' from command line to 'False'
[2.244s] Level 5:colcon.colcon_core.verb:set package 'project3_pkg' build argument 'cmake_force_configure' from command line to 'False'
[2.244s] Level 5:colcon.colcon_core.verb:set package 'project3_pkg' build argument 'ament_cmake_args' from command line to 'None'
[2.244s] Level 5:colcon.colcon_core.verb:set package 'project3_pkg' build argument 'catkin_cmake_args' from command line to 'None'
[2.244s] Level 5:colcon.colcon_core.verb:set package 'project3_pkg' build argument 'catkin_skip_building_tests' from command line to 'False'
[2.244s] DEBUG:colcon.colcon_core.verb:Building package 'project3_pkg' with the following arguments: {'ament_cmake_args': None, 'build_base': '/home/chase/CSCE452_Project3/project3_ws/build/project3_pkg', 'catkin_cmake_args': None, 'catkin_skip_building_tests': False, 'cmake_args': None, 'cmake_clean_cache': False, 'cmake_clean_first': False, 'cmake_force_configure': False, 'cmake_target': None, 'cmake_target_skip_unavailable': False, 'install_base': '/home/chase/CSCE452_Project3/project3_ws/install/project3_pkg', 'merge_install': False, 'path': '/home/chase/CSCE452_Project3/project3_ws/src/project3_pkg', 'symlink_install': False, 'test_result_base': None}
[2.245s] INFO:colcon.colcon_core.executor:Executing jobs using 'parallel' executor
[2.251s] DEBUG:colcon.colcon_parallel_executor.executor.parallel:run_until_complete
[2.252s] INFO:colcon.colcon_ros.task.ament_python.build:Building ROS package in '/home/chase/CSCE452_Project3/project3_ws/src/project3_pkg' with build type 'ament_python'
[2.252s] Level 1:colcon.colcon_core.shell:create_environment_hook('project3_pkg', 'ament_prefix_path')
[2.291s] INFO:colcon.colcon_core.plugin_system:Skipping extension 'colcon_core.shell.bat': Not used on non-Windows systems
[2.291s] INFO:colcon.colcon_core.shell:Creating environment hook '/home/chase/CSCE452_Project3/project3_ws/install/project3_pkg/share/project3_pkg/hook/ament_prefix_path.ps1'
[2.307s] INFO:colcon.colcon_core.shell:Creating environment descriptor '/home/chase/CSCE452_Project3/project3_ws/install/project3_pkg/share/project3_pkg/hook/ament_prefix_path.dsv'
[2.314s] INFO:colcon.colcon_core.shell:Creating environment hook '/home/chase/CSCE452_Project3/project3_ws/install/project3_pkg/share/project3_pkg/hook/ament_prefix_path.sh'
[2.322s] INFO:colcon.colcon_core.shell:Skip shell extension 'powershell' for command environment: Not usable outside of PowerShell
[2.323s] DEBUG:colcon.colcon_core.shell:Skip shell extension 'dsv' for command environment
[6.304s] INFO:colcon.colcon_core.task.python.build:Building Python package in '/home/chase/CSCE452_Project3/project3_ws/src/project3_pkg'
[6.324s] INFO:colcon.colcon_core.shell:Skip shell extension 'powershell' for command environment: Not usable outside of PowerShell
[6.324s] DEBUG:colcon.colcon_core.shell:Skip shell extension 'dsv' for command environment
[10.271s] DEBUG:colcon.colcon_core.event_handler.log_command:Invoking command in '/home/chase/CSCE452_Project3/project3_ws/src/project3_pkg': PYTHONPATH=/home/chase/CSCE452_Project3/project3_ws/build/project3_pkg/prefix_override:/home/chase/CSCE452_Project3/project3_ws/install/project3_pkg/lib/python3.8/site-packages:${PYTHONPATH} /usr/bin/python3 setup.py egg_info --egg-base ../../build/project3_pkg build --build-base /home/chase/CSCE452_Project3/project3_ws/build/project3_pkg/build install --record /home/chase/CSCE452_Project3/project3_ws/build/project3_pkg/install.log --single-version-externally-managed
[13.399s] DEBUG:colcon.colcon_core.event_handler.log_command:Invoked command in '/home/chase/CSCE452_Project3/project3_ws/src/project3_pkg' returned '0': PYTHONPATH=/home/chase/CSCE452_Project3/project3_ws/build/project3_pkg/prefix_override:/home/chase/CSCE452_Project3/project3_ws/install/project3_pkg/lib/python3.8/site-packages:${PYTHONPATH} /usr/bin/python3 setup.py egg_info --egg-base ../../build/project3_pkg build --build-base /home/chase/CSCE452_Project3/project3_ws/build/project3_pkg/build install --record /home/chase/CSCE452_Project3/project3_ws/build/project3_pkg/install.log --single-version-externally-managed
[13.408s] Level 1:colcon.colcon_core.environment:checking '/home/chase/CSCE452_Project3/project3_ws/install/project3_pkg' for CMake module files
[13.408s] Level 1:colcon.colcon_core.environment:checking '/home/chase/CSCE452_Project3/project3_ws/install/project3_pkg' for CMake config files
[13.431s] Level 1:colcon.colcon_core.environment:checking '/home/chase/CSCE452_Project3/project3_ws/install/project3_pkg/lib'
[13.431s] Level 1:colcon.colcon_core.environment:checking '/home/chase/CSCE452_Project3/project3_ws/install/project3_pkg/bin'
[13.432s] Level 1:colcon.colcon_core.environment:checking '/home/chase/CSCE452_Project3/project3_ws/install/project3_pkg/lib/pkgconfig/project3_pkg.pc'
[13.432s] Level 1:colcon.colcon_core.environment:checking '/home/chase/CSCE452_Project3/project3_ws/install/project3_pkg/lib/python3.8/site-packages'
[13.432s] Level 1:colcon.colcon_core.shell:create_environment_hook('project3_pkg', 'pythonpath')
[13.435s] INFO:colcon.colcon_core.shell:Creating environment hook '/home/chase/CSCE452_Project3/project3_ws/install/project3_pkg/share/project3_pkg/hook/pythonpath.ps1'
[13.441s] INFO:colcon.colcon_core.shell:Creating environment descriptor '/home/chase/CSCE452_Project3/project3_ws/install/project3_pkg/share/project3_pkg/hook/pythonpath.dsv'
[13.444s] INFO:colcon.colcon_core.shell:Creating environment hook '/home/chase/CSCE452_Project3/project3_ws/install/project3_pkg/share/project3_pkg/hook/pythonpath.sh'
[13.459s] Level 1:colcon.colcon_core.environment:checking '/home/chase/CSCE452_Project3/project3_ws/install/project3_pkg/bin'
[13.460s] Level 1:colcon.colcon_core.environment:create_environment_scripts_only(project3_pkg)
[13.462s] INFO:colcon.colcon_core.shell:Creating package script '/home/chase/CSCE452_Project3/project3_ws/install/project3_pkg/share/project3_pkg/package.ps1'
[13.467s] INFO:colcon.colcon_core.shell:Creating package descriptor '/home/chase/CSCE452_Project3/project3_ws/install/project3_pkg/share/project3_pkg/package.dsv'
[13.477s] INFO:colcon.colcon_core.shell:Creating package script '/home/chase/CSCE452_Project3/project3_ws/install/project3_pkg/share/project3_pkg/package.sh'
[13.479s] INFO:colcon.colcon_core.shell:Creating package script '/home/chase/CSCE452_Project3/project3_ws/install/project3_pkg/share/project3_pkg/package.bash'
[13.481s] INFO:colcon.colcon_core.shell:Creating package script '/home/chase/CSCE452_Project3/project3_ws/install/project3_pkg/share/project3_pkg/package.zsh'
[13.490s] Level 1:colcon.colcon_core.environment:create_file_with_runtime_dependencies(/home/chase/CSCE452_Project3/project3_ws/install/project3_pkg/share/colcon-core/packages/project3_pkg)
[13.503s] DEBUG:colcon.colcon_parallel_executor.executor.parallel:closing loop
[13.504s] DEBUG:colcon.colcon_parallel_executor.executor.parallel:loop closed
[13.504s] DEBUG:colcon.colcon_parallel_executor.executor.parallel:run_until_complete finished with '0'
[13.504s] DEBUG:colcon.colcon_core.event_reactor:joining thread
[13.554s] INFO:colcon.colcon_core.plugin_system:Skipping extension 'colcon_notification.desktop_notification.terminal_notifier': Not used on non-Darwin systems
[13.554s] INFO:colcon.colcon_core.plugin_system:Skipping extension 'colcon_notification.desktop_notification.win32': Not used on non-Windows systems
[13.554s] INFO:colcon.colcon_notification.desktop_notification:Sending desktop notification using 'notify2'
[13.624s] DEBUG:colcon.colcon_core.event_reactor:joined thread
[13.627s] INFO:colcon.colcon_core.shell:Creating prefix script '/home/chase/CSCE452_Project3/project3_ws/install/local_setup.ps1'
[13.633s] INFO:colcon.colcon_core.shell:Creating prefix util module '/home/chase/CSCE452_Project3/project3_ws/install/_local_setup_util_ps1.py'
[13.646s] INFO:colcon.colcon_core.shell:Creating prefix chain script '/home/chase/CSCE452_Project3/project3_ws/install/setup.ps1'
[13.709s] INFO:colcon.colcon_core.shell:Creating prefix script '/home/chase/CSCE452_Project3/project3_ws/install/local_setup.sh'
[13.711s] INFO:colcon.colcon_core.shell:Creating prefix util module '/home/chase/CSCE452_Project3/project3_ws/install/_local_setup_util_sh.py'
[13.711s] INFO:colcon.colcon_core.shell:Creating prefix chain script '/home/chase/CSCE452_Project3/project3_ws/install/setup.sh'
[13.752s] INFO:colcon.colcon_core.shell:Creating prefix script '/home/chase/CSCE452_Project3/project3_ws/install/local_setup.bash'
[13.767s] INFO:colcon.colcon_core.shell:Creating prefix chain script '/home/chase/CSCE452_Project3/project3_ws/install/setup.bash'
[13.827s] INFO:colcon.colcon_core.shell:Creating prefix script '/home/chase/CSCE452_Project3/project3_ws/install/local_setup.zsh'
[13.828s] INFO:colcon.colcon_core.shell:Creating prefix chain script '/home/chase/CSCE452_Project3/project3_ws/install/setup.zsh'
